SF:/Users/gsalingu/git/api-bones/.claude/worktrees/feat+211-nested-org-adr/api-bones-reqwest/src/lib.rs
FN:212,_RNvXs_Cs7Iqq34TXXev_17api_bones_reqwestNtNtNtCs8BwZ6EpfDIl_7reqwest10async_impl8response8ResponseNtB4_11ResponseExt13next_page_url
FN:193,_RNvXs_Cs7Iqq34TXXev_17api_bones_reqwestNtNtNtCs8BwZ6EpfDIl_7reqwest10async_impl8response8ResponseNtB4_11ResponseExt15rate_limit_info
FN:227,_RINvXs_Cs7Iqq34TXXev_17api_bones_reqwestNtNtNtCs8BwZ6EpfDIl_7reqwest10async_impl8response8ResponseNtB5_11ResponseExt20problem_json_or_jsonNtNtCsdC8qrlXHNsA_10serde_json5value5ValueEB5_
FN:650,_RNCNCNvNtCs7Iqq34TXXev_17api_bones_reqwest5testss_45next_page_url_non_utf8_link_header_is_skipped00B7_
FN:878,_RNCNCNvNtCs7Iqq34TXXev_17api_bones_reqwest5testss_58from_response_text_read_error_falls_back_to_upstream_error00B7_
FN:567,_RNCNvNtCs7Iqq34TXXev_17api_bones_reqwest5testss_20next_page_url_absent0B5_
FN:546,_RNCNvNtCs7Iqq34TXXev_17api_bones_reqwest5testss_21next_page_url_present0B5_
FN:492,_RNCNvNtCs7Iqq34TXXev_17api_bones_reqwest5testss_23rate_limit_info_present0B5_
FN:581,_RNCNvNtCs7Iqq34TXXev_17api_bones_reqwest5testss_28problem_json_or_json_success0B5_
FN:426,_RNCNvNtCs7Iqq34TXXev_17api_bones_reqwest5testss_31request_builder_with_request_id0B5_
FN:778,_RNCNvNtCs7Iqq34TXXev_17api_bones_reqwest5testss_33from_response_parses_problem_json0B5_
FN:796,_RNCNvNtCs7Iqq34TXXev_17api_bones_reqwest5testss_33from_response_plain_text_fallback0B5_
FN:665,_RNCNvNtCs7Iqq34TXXev_17api_bones_reqwest5testss_33next_page_url_with_only_prev_link0B5_
FN:470,_RNCNvNtCs7Iqq34TXXev_17api_bones_reqwest5testss_33request_builder_with_bearer_token0B5_
FN:528,_RNCNvNtCs7Iqq34TXXev_17api_bones_reqwest5testss_35rate_limit_info_without_retry_after0B5_
FN:850,_RNCNvNtCs7Iqq34TXXev_17api_bones_reqwest5testss_36from_response_extracts_uuid_instance0B5_
FN:448,_RNCNvNtCs7Iqq34TXXev_17api_bones_reqwest5testss_36request_builder_with_idempotency_key0B5_
FN:597,_RNCNvNtCs7Iqq34TXXev_17api_bones_reqwest5testss_37problem_json_or_json_problem_response0B5_
FN:514,_RNCNvNtCs7Iqq34TXXev_17api_bones_reqwest5testss_44rate_limit_info_missing_headers_returns_none0B5_
FN:643,_RNCNvNtCs7Iqq34TXXev_17api_bones_reqwest5testss_45next_page_url_non_utf8_link_header_is_skipped0B5_
FN:713,_RNCNvNtCs7Iqq34TXXev_17api_bones_reqwest5testss_46problem_json_or_json_success_invalid_json_body0B5_
FN:832,_RNCNvNtCs7Iqq34TXXev_17api_bones_reqwest5testss_47from_response_problem_json_parse_error_fallback0B5_
FN:618,_RNCNvNtCs7Iqq34TXXev_17api_bones_reqwest5testss_47problem_json_or_json_non_problem_error_response0B5_
FN:694,_RNCNvNtCs7Iqq34TXXev_17api_bones_reqwest5testss_55problem_json_or_json_problem_response_invalid_json_body0B5_
FN:813,_RNCNvNtCs7Iqq34TXXev_17api_bones_reqwest5testss_56from_response_unknown_type_uri_falls_back_to_status_code0B5_
FN:870,_RNCNvNtCs7Iqq34TXXev_17api_bones_reqwest5testss_58from_response_text_read_error_falls_back_to_upstream_error0B5_
FN:227,_RNCINvXs_Cs7Iqq34TXXev_17api_bones_reqwestNtNtNtCs8BwZ6EpfDIl_7reqwest10async_impl8response8ResponseNtB7_11ResponseExt20problem_json_or_jsonNtNtCsdC8qrlXHNsA_10serde_json5value5ValueE0B7_
FN:233,_RNCNCINvXs_Cs7Iqq34TXXev_17api_bones_reqwestNtNtNtCs8BwZ6EpfDIl_7reqwest10async_impl8response8ResponseNtB9_11ResponseExt20problem_json_or_jsonNtNtCsdC8qrlXHNsA_10serde_json5value5ValueE00B9_
FN:240,_RNCNCINvXs_Cs7Iqq34TXXev_17api_bones_reqwestNtNtNtCs8BwZ6EpfDIl_7reqwest10async_impl8response8ResponseNtB9_11ResponseExt20problem_json_or_jsonNtNtCsdC8qrlXHNsA_10serde_json5value5ValueE0s0_0B9_
FN:243,_RNCNCINvXs_Cs7Iqq34TXXev_17api_bones_reqwestNtNtNtCs8BwZ6EpfDIl_7reqwest10async_impl8response8ResponseNtB9_11ResponseExt20problem_json_or_jsonNtNtCsdC8qrlXHNsA_10serde_json5value5ValueE0s1_0B9_
FN:249,_RNCNCINvXs_Cs7Iqq34TXXev_17api_bones_reqwestNtNtNtCs8BwZ6EpfDIl_7reqwest10async_impl8response8ResponseNtB9_11ResponseExt20problem_json_or_jsonNtNtCsdC8qrlXHNsA_10serde_json5value5ValueE0s2_0B9_
FN:262,_RNCNCINvXs_Cs7Iqq34TXXev_17api_bones_reqwestNtNtNtCs8BwZ6EpfDIl_7reqwest10async_impl8response8ResponseNtB9_11ResponseExt20problem_json_or_jsonNtNtCsdC8qrlXHNsA_10serde_json5value5ValueE0s3_0B9_
FN:234,_RNCNCINvXs_Cs7Iqq34TXXev_17api_bones_reqwestNtNtNtCs8BwZ6EpfDIl_7reqwest10async_impl8response8ResponseNtB9_11ResponseExt20problem_json_or_jsonNtNtCsdC8qrlXHNsA_10serde_json5value5ValueE0s_0B9_
FN:324,_RNCNCNvCs7Iqq34TXXev_17api_bones_reqwest13from_response00B5_
FN:331,_RNCNCNvCs7Iqq34TXXev_17api_bones_reqwest13from_response0s0_0B5_
FN:357,_RNCNCNvCs7Iqq34TXXev_17api_bones_reqwest13from_response0s1_0B5_
FN:325,_RNCNCNvCs7Iqq34TXXev_17api_bones_reqwest13from_response0s_0B5_
FN:197,_RNCNCNvXs_Cs7Iqq34TXXev_17api_bones_reqwestNtNtNtCs8BwZ6EpfDIl_7reqwest10async_impl8response8ResponseNtB8_11ResponseExt15rate_limit_info00B8_
FN:198,_RNCNCNvXs_Cs7Iqq34TXXev_17api_bones_reqwestNtNtNtCs8BwZ6EpfDIl_7reqwest10async_impl8response8ResponseNtB8_11ResponseExt15rate_limit_info0s_0B8_
FN:316,_RNCNvCs7Iqq34TXXev_17api_bones_reqwest13from_response0B3_
FN:275,_RNCNvCs7Iqq34TXXev_17api_bones_reqwest15parse_link_next0B3_
FN:277,_RNCNvCs7Iqq34TXXev_17api_bones_reqwest15parse_link_nexts_0B3_
FN:194,_RNCNvXs_Cs7Iqq34TXXev_17api_bones_reqwestNtNtNtCs8BwZ6EpfDIl_7reqwest10async_impl8response8ResponseNtB6_11ResponseExt15rate_limit_info0B6_
FN:316,_RNvCs7Iqq34TXXev_17api_bones_reqwest13from_response
FN:270,_RNvCs7Iqq34TXXev_17api_bones_reqwest15parse_link_next
FN:285,_RNvCs7Iqq34TXXev_17api_bones_reqwest23map_status_to_api_error
FN:756,_RNvNtCs7Iqq34TXXev_17api_bones_reqwest5testss_14map_status_400
FN:372,_RNvNtCs7Iqq34TXXev_17api_bones_reqwest5testss_14map_status_401
FN:378,_RNvNtCs7Iqq34TXXev_17api_bones_reqwest5testss_14map_status_403
FN:762,_RNvNtCs7Iqq34TXXev_17api_bones_reqwest5testss_14map_status_404
FN:384,_RNvNtCs7Iqq34TXXev_17api_bones_reqwest5testss_14map_status_409
FN:390,_RNvNtCs7Iqq34TXXev_17api_bones_reqwest5testss_14map_status_422
FN:396,_RNvNtCs7Iqq34TXXev_17api_bones_reqwest5testss_14map_status_429
FN:402,_RNvNtCs7Iqq34TXXev_17api_bones_reqwest5testss_14map_status_500
FN:408,_RNvNtCs7Iqq34TXXev_17api_bones_reqwest5testss_14map_status_502
FN:414,_RNvNtCs7Iqq34TXXev_17api_bones_reqwest5testss_14map_status_503
FN:420,_RNvNtCs7Iqq34TXXev_17api_bones_reqwest5testss_14map_status_504
FN:567,_RNvNtCs7Iqq34TXXev_17api_bones_reqwest5testss_20next_page_url_absent
FN:546,_RNvNtCs7Iqq34TXXev_17api_bones_reqwest5testss_21next_page_url_present
FN:732,_RNvNtCs7Iqq34TXXev_17api_bones_reqwest5testss_21parse_link_next_basic
FN:768,_RNvNtCs7Iqq34TXXev_17api_bones_reqwest5testss_22map_status_unknown_5xx
FN:492,_RNvNtCs7Iqq34TXXev_17api_bones_reqwest5testss_23rate_limit_info_present
FN:741,_RNvNtCs7Iqq34TXXev_17api_bones_reqwest5testss_24parse_link_next_no_match
FN:747,_RNvNtCs7Iqq34TXXev_17api_bones_reqwest5testss_28parse_link_next_unquoted_rel
FN:581,_RNvNtCs7Iqq34TXXev_17api_bones_reqwest5testss_28problem_json_or_json_success
FN:426,_RNvNtCs7Iqq34TXXev_17api_bones_reqwest5testss_31request_builder_with_request_id
FN:778,_RNvNtCs7Iqq34TXXev_17api_bones_reqwest5testss_33from_response_parses_problem_json
FN:796,_RNvNtCs7Iqq34TXXev_17api_bones_reqwest5testss_33from_response_plain_text_fallback
FN:665,_RNvNtCs7Iqq34TXXev_17api_bones_reqwest5testss_33next_page_url_with_only_prev_link
FN:470,_RNvNtCs7Iqq34TXXev_17api_bones_reqwest5testss_33request_builder_with_bearer_token
FN:528,_RNvNtCs7Iqq34TXXev_17api_bones_reqwest5testss_35rate_limit_info_without_retry_after
FN:850,_RNvNtCs7Iqq34TXXev_17api_bones_reqwest5testss_36from_response_extracts_uuid_instance
FN:448,_RNvNtCs7Iqq34TXXev_17api_bones_reqwest5testss_36request_builder_with_idempotency_key
FN:597,_RNvNtCs7Iqq34TXXev_17api_bones_reqwest5testss_37problem_json_or_json_problem_response
FN:637,_RNvNtCs7Iqq34TXXev_17api_bones_reqwest5testss_38map_status_418_defaults_to_bad_request
FN:683,_RNvNtCs7Iqq34TXXev_17api_bones_reqwest5testss_40parse_link_next_empty_entry_returns_none
FN:514,_RNvNtCs7Iqq34TXXev_17api_bones_reqwest5testss_44rate_limit_info_missing_headers_returns_none
FN:643,_RNvNtCs7Iqq34TXXev_17api_bones_reqwest5testss_45next_page_url_non_utf8_link_header_is_skipped
FN:713,_RNvNtCs7Iqq34TXXev_17api_bones_reqwest5testss_46problem_json_or_json_success_invalid_json_body
FN:832,_RNvNtCs7Iqq34TXXev_17api_bones_reqwest5testss_47from_response_problem_json_parse_error_fallback
FN:618,_RNvNtCs7Iqq34TXXev_17api_bones_reqwest5testss_47problem_json_or_json_non_problem_error_response
FN:694,_RNvNtCs7Iqq34TXXev_17api_bones_reqwest5testss_55problem_json_or_json_problem_response_invalid_json_body
FN:813,_RNvNtCs7Iqq34TXXev_17api_bones_reqwest5testss_56from_response_unknown_type_uri_falls_back_to_status_code
FN:870,_RNvNtCs7Iqq34TXXev_17api_bones_reqwest5testss_58from_response_text_read_error_falls_back_to_upstream_error
FN:688,_RNvNtCs7Iqq34TXXev_17api_bones_reqwest5testss_59parse_link_next_malformed_url_no_closing_angle_returns_none
FN:96,_RINvXCs7Iqq34TXXev_17api_bones_reqwestNtNtNtCs8BwZ6EpfDIl_7reqwest10async_impl7request14RequestBuilderNtB3_17RequestBuilderExt15with_request_idReEB3_
FN:104,_RINvXCs7Iqq34TXXev_17api_bones_reqwestNtNtNtCs8BwZ6EpfDIl_7reqwest10async_impl7request14RequestBuilderNtB3_17RequestBuilderExt17with_bearer_tokenReEB3_
FN:100,_RINvXCs7Iqq34TXXev_17api_bones_reqwestNtNtNtCs8BwZ6EpfDIl_7reqwest10async_impl7request14RequestBuilderNtB3_17RequestBuilderExt20with_idempotency_keyReEB3_
FN:227,_RINvXs_Cs5XkJfse60P9_17api_bones_reqwestNtNtNtCs8BwZ6EpfDIl_7reqwest10async_impl8response8ResponseNtB5_11ResponseExt20problem_json_or_jsonNtNtCsdC8qrlXHNsA_10serde_json5value5ValueECskpCHb9aT1fw_17client_extensions
FN:227,_RNCINvXs_Cs5XkJfse60P9_17api_bones_reqwestNtNtNtCs8BwZ6EpfDIl_7reqwest10async_impl8response8ResponseNtB7_11ResponseExt20problem_json_or_jsonNtNtCsdC8qrlXHNsA_10serde_json5value5ValueE0CskpCHb9aT1fw_17client_extensions
FN:233,_RNCNCINvXs_Cs5XkJfse60P9_17api_bones_reqwestNtNtNtCs8BwZ6EpfDIl_7reqwest10async_impl8response8ResponseNtB9_11ResponseExt20problem_json_or_jsonNtNtCsdC8qrlXHNsA_10serde_json5value5ValueE00CskpCHb9aT1fw_17client_extensions
FN:240,_RNCNCINvXs_Cs5XkJfse60P9_17api_bones_reqwestNtNtNtCs8BwZ6EpfDIl_7reqwest10async_impl8response8ResponseNtB9_11ResponseExt20problem_json_or_jsonNtNtCsdC8qrlXHNsA_10serde_json5value5ValueE0s0_0CskpCHb9aT1fw_17client_extensions
FN:243,_RNCNCINvXs_Cs5XkJfse60P9_17api_bones_reqwestNtNtNtCs8BwZ6EpfDIl_7reqwest10async_impl8response8ResponseNtB9_11ResponseExt20problem_json_or_jsonNtNtCsdC8qrlXHNsA_10serde_json5value5ValueE0s1_0CskpCHb9aT1fw_17client_extensions
FN:249,_RNCNCINvXs_Cs5XkJfse60P9_17api_bones_reqwestNtNtNtCs8BwZ6EpfDIl_7reqwest10async_impl8response8ResponseNtB9_11ResponseExt20problem_json_or_jsonNtNtCsdC8qrlXHNsA_10serde_json5value5ValueE0s2_0CskpCHb9aT1fw_17client_extensions
FN:262,_RNCNCINvXs_Cs5XkJfse60P9_17api_bones_reqwestNtNtNtCs8BwZ6EpfDIl_7reqwest10async_impl8response8ResponseNtB9_11ResponseExt20problem_json_or_jsonNtNtCsdC8qrlXHNsA_10serde_json5value5ValueE0s3_0CskpCHb9aT1fw_17client_extensions
FN:234,_RNCNCINvXs_Cs5XkJfse60P9_17api_bones_reqwestNtNtNtCs8BwZ6EpfDIl_7reqwest10async_impl8response8ResponseNtB9_11ResponseExt20problem_json_or_jsonNtNtCsdC8qrlXHNsA_10serde_json5value5ValueE0s_0CskpCHb9aT1fw_17client_extensions
FN:96,_RINvXCs5XkJfse60P9_17api_bones_reqwestNtNtNtCs8BwZ6EpfDIl_7reqwest10async_impl7request14RequestBuilderNtB3_17RequestBuilderExt15with_request_idReECskpCHb9aT1fw_17client_extensions
FN:104,_RINvXCs5XkJfse60P9_17api_bones_reqwestNtNtNtCs8BwZ6EpfDIl_7reqwest10async_impl7request14RequestBuilderNtB3_17RequestBuilderExt17with_bearer_tokenReECskpCHb9aT1fw_17client_extensions
FN:100,_RINvXCs5XkJfse60P9_17api_bones_reqwestNtNtNtCs8BwZ6EpfDIl_7reqwest10async_impl7request14RequestBuilderNtB3_17RequestBuilderExt20with_idempotency_keyReECskpCHb9aT1fw_17client_extensions
FN:96,_RINvXCs5XkJfse60P9_17api_bones_reqwestNtNtNtCs8BwZ6EpfDIl_7reqwest10async_impl7request14RequestBuilderNtB3_17RequestBuilderExt15with_request_idpEB3_
FN:104,_RINvXCs5XkJfse60P9_17api_bones_reqwestNtNtNtCs8BwZ6EpfDIl_7reqwest10async_impl7request14RequestBuilderNtB3_17RequestBuilderExt17with_bearer_tokenpEB3_
FN:100,_RINvXCs5XkJfse60P9_17api_bones_reqwestNtNtNtCs8BwZ6EpfDIl_7reqwest10async_impl7request14RequestBuilderNtB3_17RequestBuilderExt20with_idempotency_keypEB3_
FN:227,_RINvXs_Cs5XkJfse60P9_17api_bones_reqwestNtNtNtCs8BwZ6EpfDIl_7reqwest10async_impl8response8ResponseNtB5_11ResponseExt20problem_json_or_jsonpEB5_
FN:227,_RNCINvXs_Cs5XkJfse60P9_17api_bones_reqwestNtNtNtCs8BwZ6EpfDIl_7reqwest10async_impl8response8ResponseNtB7_11ResponseExt20problem_json_or_jsonpE0B7_
FN:233,_RNCNCINvXs_Cs5XkJfse60P9_17api_bones_reqwestNtNtNtCs8BwZ6EpfDIl_7reqwest10async_impl8response8ResponseNtB9_11ResponseExt20problem_json_or_jsonpE00B9_
FN:240,_RNCNCINvXs_Cs5XkJfse60P9_17api_bones_reqwestNtNtNtCs8BwZ6EpfDIl_7reqwest10async_impl8response8ResponseNtB9_11ResponseExt20problem_json_or_jsonpE0s0_0B9_
FN:243,_RNCNCINvXs_Cs5XkJfse60P9_17api_bones_reqwestNtNtNtCs8BwZ6EpfDIl_7reqwest10async_impl8response8ResponseNtB9_11ResponseExt20problem_json_or_jsonpE0s1_0B9_
FN:249,_RNCNCINvXs_Cs5XkJfse60P9_17api_bones_reqwestNtNtNtCs8BwZ6EpfDIl_7reqwest10async_impl8response8ResponseNtB9_11ResponseExt20problem_json_or_jsonpE0s2_0B9_
FN:262,_RNCNCINvXs_Cs5XkJfse60P9_17api_bones_reqwestNtNtNtCs8BwZ6EpfDIl_7reqwest10async_impl8response8ResponseNtB9_11ResponseExt20problem_json_or_jsonpE0s3_0B9_
FN:234,_RNCNCINvXs_Cs5XkJfse60P9_17api_bones_reqwestNtNtNtCs8BwZ6EpfDIl_7reqwest10async_impl8response8ResponseNtB9_11ResponseExt20problem_json_or_jsonpE0s_0B9_
FN:316,_RNvCs5XkJfse60P9_17api_bones_reqwest13from_response
FN:270,_RNvCs5XkJfse60P9_17api_bones_reqwest15parse_link_next
FN:285,_RNvCs5XkJfse60P9_17api_bones_reqwest23map_status_to_api_error
FN:212,_RNvXs_Cs5XkJfse60P9_17api_bones_reqwestNtNtNtCs8BwZ6EpfDIl_7reqwest10async_impl8response8ResponseNtB4_11ResponseExt13next_page_url
FN:193,_RNvXs_Cs5XkJfse60P9_17api_bones_reqwestNtNtNtCs8BwZ6EpfDIl_7reqwest10async_impl8response8ResponseNtB4_11ResponseExt15rate_limit_info
FN:324,_RNCNCNvCs5XkJfse60P9_17api_bones_reqwest13from_response00B5_
FN:331,_RNCNCNvCs5XkJfse60P9_17api_bones_reqwest13from_response0s0_0B5_
FN:357,_RNCNCNvCs5XkJfse60P9_17api_bones_reqwest13from_response0s1_0B5_
FN:325,_RNCNCNvCs5XkJfse60P9_17api_bones_reqwest13from_response0s_0B5_
FN:197,_RNCNCNvXs_Cs5XkJfse60P9_17api_bones_reqwestNtNtNtCs8BwZ6EpfDIl_7reqwest10async_impl8response8ResponseNtB8_11ResponseExt15rate_limit_info00B8_
FN:198,_RNCNCNvXs_Cs5XkJfse60P9_17api_bones_reqwestNtNtNtCs8BwZ6EpfDIl_7reqwest10async_impl8response8ResponseNtB8_11ResponseExt15rate_limit_info0s_0B8_
FN:316,_RNCNvCs5XkJfse60P9_17api_bones_reqwest13from_response0B3_
FN:275,_RNCNvCs5XkJfse60P9_17api_bones_reqwest15parse_link_next0B3_
FN:277,_RNCNvCs5XkJfse60P9_17api_bones_reqwest15parse_link_nexts_0B3_
FN:194,_RNCNvXs_Cs5XkJfse60P9_17api_bones_reqwestNtNtNtCs8BwZ6EpfDIl_7reqwest10async_impl8response8ResponseNtB6_11ResponseExt15rate_limit_info0B6_
FNDA:4,_RNvXs_Cs7Iqq34TXXev_17api_bones_reqwestNtNtNtCs8BwZ6EpfDIl_7reqwest10async_impl8response8ResponseNtB4_11ResponseExt13next_page_url
FNDA:3,_RNvXs_Cs7Iqq34TXXev_17api_bones_reqwestNtNtNtCs8BwZ6EpfDIl_7reqwest10async_impl8response8ResponseNtB4_11ResponseExt15rate_limit_info
FNDA:5,_RINvXs_Cs7Iqq34TXXev_17api_bones_reqwestNtNtNtCs8BwZ6EpfDIl_7reqwest10async_impl8response8ResponseNtB5_11ResponseExt20problem_json_or_jsonNtNtCsdC8qrlXHNsA_10serde_json5value5ValueEB5_
FNDA:1,_RNCNCNvNtCs7Iqq34TXXev_17api_bones_reqwest5testss_45next_page_url_non_utf8_link_header_is_skipped00B7_
FNDA:1,_RNCNCNvNtCs7Iqq34TXXev_17api_bones_reqwest5testss_58from_response_text_read_error_falls_back_to_upstream_error00B7_
FNDA:1,_RNCNvNtCs7Iqq34TXXev_17api_bones_reqwest5testss_20next_page_url_absent0B5_
FNDA:1,_RNCNvNtCs7Iqq34TXXev_17api_bones_reqwest5testss_21next_page_url_present0B5_
FNDA:1,_RNCNvNtCs7Iqq34TXXev_17api_bones_reqwest5testss_23rate_limit_info_present0B5_
FNDA:1,_RNCNvNtCs7Iqq34TXXev_17api_bones_reqwest5testss_28problem_json_or_json_success0B5_
FNDA:1,_RNCNvNtCs7Iqq34TXXev_17api_bones_reqwest5testss_31request_builder_with_request_id0B5_
FNDA:1,_RNCNvNtCs7Iqq34TXXev_17api_bones_reqwest5testss_33from_response_parses_problem_json0B5_
FNDA:1,_RNCNvNtCs7Iqq34TXXev_17api_bones_reqwest5testss_33from_response_plain_text_fallback0B5_
FNDA:1,_RNCNvNtCs7Iqq34TXXev_17api_bones_reqwest5testss_33next_page_url_with_only_prev_link0B5_
FNDA:1,_RNCNvNtCs7Iqq34TXXev_17api_bones_reqwest5testss_33request_builder_with_bearer_token0B5_
FNDA:1,_RNCNvNtCs7Iqq34TXXev_17api_bones_reqwest5testss_35rate_limit_info_without_retry_after0B5_
FNDA:1,_RNCNvNtCs7Iqq34TXXev_17api_bones_reqwest5testss_36from_response_extracts_uuid_instance0B5_
FNDA:1,_RNCNvNtCs7Iqq34TXXev_17api_bones_reqwest5testss_36request_builder_with_idempotency_key0B5_
FNDA:1,_RNCNvNtCs7Iqq34TXXev_17api_bones_reqwest5testss_37problem_json_or_json_problem_response0B5_
FNDA:1,_RNCNvNtCs7Iqq34TXXev_17api_bones_reqwest5testss_44rate_limit_info_missing_headers_returns_none0B5_
FNDA:1,_RNCNvNtCs7Iqq34TXXev_17api_bones_reqwest5testss_45next_page_url_non_utf8_link_header_is_skipped0B5_
FNDA:1,_RNCNvNtCs7Iqq34TXXev_17api_bones_reqwest5testss_46problem_json_or_json_success_invalid_json_body0B5_
FNDA:1,_RNCNvNtCs7Iqq34TXXev_17api_bones_reqwest5testss_47from_response_problem_json_parse_error_fallback0B5_
FNDA:1,_RNCNvNtCs7Iqq34TXXev_17api_bones_reqwest5testss_47problem_json_or_json_non_problem_error_response0B5_
FNDA:1,_RNCNvNtCs7Iqq34TXXev_17api_bones_reqwest5testss_55problem_json_or_json_problem_response_invalid_json_body0B5_
FNDA:1,_RNCNvNtCs7Iqq34TXXev_17api_bones_reqwest5testss_56from_response_unknown_type_uri_falls_back_to_status_code0B5_
FNDA:1,_RNCNvNtCs7Iqq34TXXev_17api_bones_reqwest5testss_58from_response_text_read_error_falls_back_to_upstream_error0B5_
FNDA:5,_RNCINvXs_Cs7Iqq34TXXev_17api_bones_reqwestNtNtNtCs8BwZ6EpfDIl_7reqwest10async_impl8response8ResponseNtB7_11ResponseExt20problem_json_or_jsonNtNtCsdC8qrlXHNsA_10serde_json5value5ValueE0B7_
FNDA:3,_RNCNCINvXs_Cs7Iqq34TXXev_17api_bones_reqwestNtNtNtCs8BwZ6EpfDIl_7reqwest10async_impl8response8ResponseNtB9_11ResponseExt20problem_json_or_jsonNtNtCsdC8qrlXHNsA_10serde_json5value5ValueE00B9_
FNDA:1,_RNCNCINvXs_Cs7Iqq34TXXev_17api_bones_reqwestNtNtNtCs8BwZ6EpfDIl_7reqwest10async_impl8response8ResponseNtB9_11ResponseExt20problem_json_or_jsonNtNtCsdC8qrlXHNsA_10serde_json5value5ValueE0s0_0B9_
FNDA:1,_RNCNCINvXs_Cs7Iqq34TXXev_17api_bones_reqwestNtNtNtCs8BwZ6EpfDIl_7reqwest10async_impl8response8ResponseNtB9_11ResponseExt20problem_json_or_jsonNtNtCsdC8qrlXHNsA_10serde_json5value5ValueE0s1_0B9_
FNDA:1,_RNCNCINvXs_Cs7Iqq34TXXev_17api_bones_reqwestNtNtNtCs8BwZ6EpfDIl_7reqwest10async_impl8response8ResponseNtB9_11ResponseExt20problem_json_or_jsonNtNtCsdC8qrlXHNsA_10serde_json5value5ValueE0s2_0B9_
FNDA:1,_RNCNCINvXs_Cs7Iqq34TXXev_17api_bones_reqwestNtNtNtCs8BwZ6EpfDIl_7reqwest10async_impl8response8ResponseNtB9_11ResponseExt20problem_json_or_jsonNtNtCsdC8qrlXHNsA_10serde_json5value5ValueE0s3_0B9_
FNDA:3,_RNCNCINvXs_Cs7Iqq34TXXev_17api_bones_reqwestNtNtNtCs8BwZ6EpfDIl_7reqwest10async_impl8response8ResponseNtB9_11ResponseExt20problem_json_or_jsonNtNtCsdC8qrlXHNsA_10serde_json5value5ValueE0s_0B9_
FNDA:5,_RNCNCNvCs7Iqq34TXXev_17api_bones_reqwest13from_response00B5_
FNDA:1,_RNCNCNvCs7Iqq34TXXev_17api_bones_reqwest13from_response0s0_0B5_
FNDA:1,_RNCNCNvCs7Iqq34TXXev_17api_bones_reqwest13from_response0s1_0B5_
FNDA:5,_RNCNCNvCs7Iqq34TXXev_17api_bones_reqwest13from_response0s_0B5_
FNDA:7,_RNCNCNvXs_Cs7Iqq34TXXev_17api_bones_reqwestNtNtNtCs8BwZ6EpfDIl_7reqwest10async_impl8response8ResponseNtB8_11ResponseExt15rate_limit_info00B8_
FNDA:7,_RNCNCNvXs_Cs7Iqq34TXXev_17api_bones_reqwestNtNtNtCs8BwZ6EpfDIl_7reqwest10async_impl8response8ResponseNtB8_11ResponseExt15rate_limit_info0s_0B8_
FNDA:6,_RNCNvCs7Iqq34TXXev_17api_bones_reqwest13from_response0B3_
FNDA:6,_RNCNvCs7Iqq34TXXev_17api_bones_reqwest15parse_link_next0B3_
FNDA:5,_RNCNvCs7Iqq34TXXev_17api_bones_reqwest15parse_link_nexts_0B3_
FNDA:9,_RNCNvXs_Cs7Iqq34TXXev_17api_bones_reqwestNtNtNtCs8BwZ6EpfDIl_7reqwest10async_impl8response8ResponseNtB6_11ResponseExt15rate_limit_info0B6_
FNDA:6,_RNvCs7Iqq34TXXev_17api_bones_reqwest13from_response
FNDA:7,_RNvCs7Iqq34TXXev_17api_bones_reqwest15parse_link_next
FNDA:18,_RNvCs7Iqq34TXXev_17api_bones_reqwest23map_status_to_api_error
FNDA:1,_RNvNtCs7Iqq34TXXev_17api_bones_reqwest5testss_14map_status_400
FNDA:1,_RNvNtCs7Iqq34TXXev_17api_bones_reqwest5testss_14map_status_401
FNDA:1,_RNvNtCs7Iqq34TXXev_17api_bones_reqwest5testss_14map_status_403
FNDA:1,_RNvNtCs7Iqq34TXXev_17api_bones_reqwest5testss_14map_status_404
FNDA:1,_RNvNtCs7Iqq34TXXev_17api_bones_reqwest5testss_14map_status_409
FNDA:1,_RNvNtCs7Iqq34TXXev_17api_bones_reqwest5testss_14map_status_422
FNDA:1,_RNvNtCs7Iqq34TXXev_17api_bones_reqwest5testss_14map_status_429
FNDA:1,_RNvNtCs7Iqq34TXXev_17api_bones_reqwest5testss_14map_status_500
FNDA:1,_RNvNtCs7Iqq34TXXev_17api_bones_reqwest5testss_14map_status_502
FNDA:1,_RNvNtCs7Iqq34TXXev_17api_bones_reqwest5testss_14map_status_503
FNDA:1,_RNvNtCs7Iqq34TXXev_17api_bones_reqwest5testss_14map_status_504
FNDA:1,_RNvNtCs7Iqq34TXXev_17api_bones_reqwest5testss_20next_page_url_absent
FNDA:1,_RNvNtCs7Iqq34TXXev_17api_bones_reqwest5testss_21next_page_url_present
FNDA:1,_RNvNtCs7Iqq34TXXev_17api_bones_reqwest5testss_21parse_link_next_basic
FNDA:1,_RNvNtCs7Iqq34TXXev_17api_bones_reqwest5testss_22map_status_unknown_5xx
FNDA:1,_RNvNtCs7Iqq34TXXev_17api_bones_reqwest5testss_23rate_limit_info_present
FNDA:1,_RNvNtCs7Iqq34TXXev_17api_bones_reqwest5testss_24parse_link_next_no_match
FNDA:1,_RNvNtCs7Iqq34TXXev_17api_bones_reqwest5testss_28parse_link_next_unquoted_rel
FNDA:1,_RNvNtCs7Iqq34TXXev_17api_bones_reqwest5testss_28problem_json_or_json_success
FNDA:1,_RNvNtCs7Iqq34TXXev_17api_bones_reqwest5testss_31request_builder_with_request_id
FNDA:1,_RNvNtCs7Iqq34TXXev_17api_bones_reqwest5testss_33from_response_parses_problem_json
FNDA:1,_RNvNtCs7Iqq34TXXev_17api_bones_reqwest5testss_33from_response_plain_text_fallback
FNDA:1,_RNvNtCs7Iqq34TXXev_17api_bones_reqwest5testss_33next_page_url_with_only_prev_link
FNDA:1,_RNvNtCs7Iqq34TXXev_17api_bones_reqwest5testss_33request_builder_with_bearer_token
FNDA:1,_RNvNtCs7Iqq34TXXev_17api_bones_reqwest5testss_35rate_limit_info_without_retry_after
FNDA:1,_RNvNtCs7Iqq34TXXev_17api_bones_reqwest5testss_36from_response_extracts_uuid_instance
FNDA:1,_RNvNtCs7Iqq34TXXev_17api_bones_reqwest5testss_36request_builder_with_idempotency_key
FNDA:1,_RNvNtCs7Iqq34TXXev_17api_bones_reqwest5testss_37problem_json_or_json_problem_response
FNDA:1,_RNvNtCs7Iqq34TXXev_17api_bones_reqwest5testss_38map_status_418_defaults_to_bad_request
FNDA:1,_RNvNtCs7Iqq34TXXev_17api_bones_reqwest5testss_40parse_link_next_empty_entry_returns_none
FNDA:1,_RNvNtCs7Iqq34TXXev_17api_bones_reqwest5testss_44rate_limit_info_missing_headers_returns_none
FNDA:1,_RNvNtCs7Iqq34TXXev_17api_bones_reqwest5testss_45next_page_url_non_utf8_link_header_is_skipped
FNDA:1,_RNvNtCs7Iqq34TXXev_17api_bones_reqwest5testss_46problem_json_or_json_success_invalid_json_body
FNDA:1,_RNvNtCs7Iqq34TXXev_17api_bones_reqwest5testss_47from_response_problem_json_parse_error_fallback
FNDA:1,_RNvNtCs7Iqq34TXXev_17api_bones_reqwest5testss_47problem_json_or_json_non_problem_error_response
FNDA:1,_RNvNtCs7Iqq34TXXev_17api_bones_reqwest5testss_55problem_json_or_json_problem_response_invalid_json_body
FNDA:1,_RNvNtCs7Iqq34TXXev_17api_bones_reqwest5testss_56from_response_unknown_type_uri_falls_back_to_status_code
FNDA:1,_RNvNtCs7Iqq34TXXev_17api_bones_reqwest5testss_58from_response_text_read_error_falls_back_to_upstream_error
FNDA:1,_RNvNtCs7Iqq34TXXev_17api_bones_reqwest5testss_59parse_link_next_malformed_url_no_closing_angle_returns_none
FNDA:1,_RINvXCs7Iqq34TXXev_17api_bones_reqwestNtNtNtCs8BwZ6EpfDIl_7reqwest10async_impl7request14RequestBuilderNtB3_17RequestBuilderExt15with_request_idReEB3_
FNDA:1,_RINvXCs7Iqq34TXXev_17api_bones_reqwestNtNtNtCs8BwZ6EpfDIl_7reqwest10async_impl7request14RequestBuilderNtB3_17RequestBuilderExt17with_bearer_tokenReEB3_
FNDA:1,_RINvXCs7Iqq34TXXev_17api_bones_reqwestNtNtNtCs8BwZ6EpfDIl_7reqwest10async_impl7request14RequestBuilderNtB3_17RequestBuilderExt20with_idempotency_keyReEB3_
FNDA:0,_RINvXs_Cs5XkJfse60P9_17api_bones_reqwestNtNtNtCs8BwZ6EpfDIl_7reqwest10async_impl8response8ResponseNtB5_11ResponseExt20problem_json_or_jsonNtNtCsdC8qrlXHNsA_10serde_json5value5ValueECskpCHb9aT1fw_17client_extensions
FNDA:0,_RNCINvXs_Cs5XkJfse60P9_17api_bones_reqwestNtNtNtCs8BwZ6EpfDIl_7reqwest10async_impl8response8ResponseNtB7_11ResponseExt20problem_json_or_jsonNtNtCsdC8qrlXHNsA_10serde_json5value5ValueE0CskpCHb9aT1fw_17client_extensions
FNDA:0,_RNCNCINvXs_Cs5XkJfse60P9_17api_bones_reqwestNtNtNtCs8BwZ6EpfDIl_7reqwest10async_impl8response8ResponseNtB9_11ResponseExt20problem_json_or_jsonNtNtCsdC8qrlXHNsA_10serde_json5value5ValueE00CskpCHb9aT1fw_17client_extensions
FNDA:0,_RNCNCINvXs_Cs5XkJfse60P9_17api_bones_reqwestNtNtNtCs8BwZ6EpfDIl_7reqwest10async_impl8response8ResponseNtB9_11ResponseExt20problem_json_or_jsonNtNtCsdC8qrlXHNsA_10serde_json5value5ValueE0s0_0CskpCHb9aT1fw_17client_extensions
FNDA:0,_RNCNCINvXs_Cs5XkJfse60P9_17api_bones_reqwestNtNtNtCs8BwZ6EpfDIl_7reqwest10async_impl8response8ResponseNtB9_11ResponseExt20problem_json_or_jsonNtNtCsdC8qrlXHNsA_10serde_json5value5ValueE0s1_0CskpCHb9aT1fw_17client_extensions
FNDA:0,_RNCNCINvXs_Cs5XkJfse60P9_17api_bones_reqwestNtNtNtCs8BwZ6EpfDIl_7reqwest10async_impl8response8ResponseNtB9_11ResponseExt20problem_json_or_jsonNtNtCsdC8qrlXHNsA_10serde_json5value5ValueE0s2_0CskpCHb9aT1fw_17client_extensions
FNDA:0,_RNCNCINvXs_Cs5XkJfse60P9_17api_bones_reqwestNtNtNtCs8BwZ6EpfDIl_7reqwest10async_impl8response8ResponseNtB9_11ResponseExt20problem_json_or_jsonNtNtCsdC8qrlXHNsA_10serde_json5value5ValueE0s3_0CskpCHb9aT1fw_17client_extensions
FNDA:0,_RNCNCINvXs_Cs5XkJfse60P9_17api_bones_reqwestNtNtNtCs8BwZ6EpfDIl_7reqwest10async_impl8response8ResponseNtB9_11ResponseExt20problem_json_or_jsonNtNtCsdC8qrlXHNsA_10serde_json5value5ValueE0s_0CskpCHb9aT1fw_17client_extensions
FNDA:0,_RINvXCs5XkJfse60P9_17api_bones_reqwestNtNtNtCs8BwZ6EpfDIl_7reqwest10async_impl7request14RequestBuilderNtB3_17RequestBuilderExt15with_request_idReECskpCHb9aT1fw_17client_extensions
FNDA:0,_RINvXCs5XkJfse60P9_17api_bones_reqwestNtNtNtCs8BwZ6EpfDIl_7reqwest10async_impl7request14RequestBuilderNtB3_17RequestBuilderExt17with_bearer_tokenReECskpCHb9aT1fw_17client_extensions
FNDA:0,_RINvXCs5XkJfse60P9_17api_bones_reqwestNtNtNtCs8BwZ6EpfDIl_7reqwest10async_impl7request14RequestBuilderNtB3_17RequestBuilderExt20with_idempotency_keyReECskpCHb9aT1fw_17client_extensions
FNDA:0,_RINvXCs5XkJfse60P9_17api_bones_reqwestNtNtNtCs8BwZ6EpfDIl_7reqwest10async_impl7request14RequestBuilderNtB3_17RequestBuilderExt15with_request_idpEB3_
FNDA:0,_RINvXCs5XkJfse60P9_17api_bones_reqwestNtNtNtCs8BwZ6EpfDIl_7reqwest10async_impl7request14RequestBuilderNtB3_17RequestBuilderExt17with_bearer_tokenpEB3_
FNDA:0,_RINvXCs5XkJfse60P9_17api_bones_reqwestNtNtNtCs8BwZ6EpfDIl_7reqwest10async_impl7request14RequestBuilderNtB3_17RequestBuilderExt20with_idempotency_keypEB3_
FNDA:0,_RINvXs_Cs5XkJfse60P9_17api_bones_reqwestNtNtNtCs8BwZ6EpfDIl_7reqwest10async_impl8response8ResponseNtB5_11ResponseExt20problem_json_or_jsonpEB5_
FNDA:0,_RNCINvXs_Cs5XkJfse60P9_17api_bones_reqwestNtNtNtCs8BwZ6EpfDIl_7reqwest10async_impl8response8ResponseNtB7_11ResponseExt20problem_json_or_jsonpE0B7_
FNDA:0,_RNCNCINvXs_Cs5XkJfse60P9_17api_bones_reqwestNtNtNtCs8BwZ6EpfDIl_7reqwest10async_impl8response8ResponseNtB9_11ResponseExt20problem_json_or_jsonpE00B9_
FNDA:0,_RNCNCINvXs_Cs5XkJfse60P9_17api_bones_reqwestNtNtNtCs8BwZ6EpfDIl_7reqwest10async_impl8response8ResponseNtB9_11ResponseExt20problem_json_or_jsonpE0s0_0B9_
FNDA:0,_RNCNCINvXs_Cs5XkJfse60P9_17api_bones_reqwestNtNtNtCs8BwZ6EpfDIl_7reqwest10async_impl8response8ResponseNtB9_11ResponseExt20problem_json_or_jsonpE0s1_0B9_
FNDA:0,_RNCNCINvXs_Cs5XkJfse60P9_17api_bones_reqwestNtNtNtCs8BwZ6EpfDIl_7reqwest10async_impl8response8ResponseNtB9_11ResponseExt20problem_json_or_jsonpE0s2_0B9_
FNDA:0,_RNCNCINvXs_Cs5XkJfse60P9_17api_bones_reqwestNtNtNtCs8BwZ6EpfDIl_7reqwest10async_impl8response8ResponseNtB9_11ResponseExt20problem_json_or_jsonpE0s3_0B9_
FNDA:0,_RNCNCINvXs_Cs5XkJfse60P9_17api_bones_reqwestNtNtNtCs8BwZ6EpfDIl_7reqwest10async_impl8response8ResponseNtB9_11ResponseExt20problem_json_or_jsonpE0s_0B9_
FNDA:0,_RNvCs5XkJfse60P9_17api_bones_reqwest13from_response
FNDA:0,_RNvCs5XkJfse60P9_17api_bones_reqwest15parse_link_next
FNDA:0,_RNvCs5XkJfse60P9_17api_bones_reqwest23map_status_to_api_error
FNDA:0,_RNvXs_Cs5XkJfse60P9_17api_bones_reqwestNtNtNtCs8BwZ6EpfDIl_7reqwest10async_impl8response8ResponseNtB4_11ResponseExt13next_page_url
FNDA:0,_RNvXs_Cs5XkJfse60P9_17api_bones_reqwestNtNtNtCs8BwZ6EpfDIl_7reqwest10async_impl8response8ResponseNtB4_11ResponseExt15rate_limit_info
FNDA:0,_RNCNCNvCs5XkJfse60P9_17api_bones_reqwest13from_response00B5_
FNDA:0,_RNCNCNvCs5XkJfse60P9_17api_bones_reqwest13from_response0s0_0B5_
FNDA:0,_RNCNCNvCs5XkJfse60P9_17api_bones_reqwest13from_response0s1_0B5_
FNDA:0,_RNCNCNvCs5XkJfse60P9_17api_bones_reqwest13from_response0s_0B5_
FNDA:0,_RNCNCNvXs_Cs5XkJfse60P9_17api_bones_reqwestNtNtNtCs8BwZ6EpfDIl_7reqwest10async_impl8response8ResponseNtB8_11ResponseExt15rate_limit_info00B8_
FNDA:0,_RNCNCNvXs_Cs5XkJfse60P9_17api_bones_reqwestNtNtNtCs8BwZ6EpfDIl_7reqwest10async_impl8response8ResponseNtB8_11ResponseExt15rate_limit_info0s_0B8_
FNDA:0,_RNCNvCs5XkJfse60P9_17api_bones_reqwest13from_response0B3_
FNDA:0,_RNCNvCs5XkJfse60P9_17api_bones_reqwest15parse_link_next0B3_
FNDA:0,_RNCNvCs5XkJfse60P9_17api_bones_reqwest15parse_link_nexts_0B3_
FNDA:0,_RNCNvXs_Cs5XkJfse60P9_17api_bones_reqwestNtNtNtCs8BwZ6EpfDIl_7reqwest10async_impl8response8ResponseNtB6_11ResponseExt15rate_limit_info0B6_
FNF:88
FNH:88
DA:96,1
DA:97,1
DA:98,1
DA:100,1
DA:101,1
DA:102,1
DA:104,1
DA:105,1
DA:106,1
DA:193,3
DA:194,9
DA:195,9
DA:196,9
DA:197,9
DA:198,9
DA:199,9
DA:200,3
DA:201,2
DA:202,2
DA:203,2
DA:204,2
DA:205,2
DA:206,2
DA:207,2
DA:208,2
DA:209,2
DA:210,3
DA:212,4
DA:213,4
DA:214,3
DA:215,1
DA:217,2
DA:218,2
DA:219,2
DA:220,1
DA:221,1
DA:224,3
DA:225,4
DA:227,5
DA:228,5
DA:229,5
DA:230,3
DA:231,3
DA:232,3
DA:233,3
DA:234,3
DA:236,3
DA:237,2
DA:238,2
DA:239,2
DA:240,2
DA:241,1
DA:242,1
DA:243,1
DA:244,1
DA:245,1
DA:246,1
DA:247,1
DA:248,1
DA:249,1
DA:250,1
DA:251,1
DA:252,1
DA:254,1
DA:255,1
DA:256,1
DA:257,1
DA:258,2
DA:260,2
DA:261,2
DA:262,2
DA:263,5
DA:270,7
DA:271,7
DA:272,7
DA:273,7
DA:274,7
DA:275,7
DA:277,5
DA:278,5
DA:279,5
DA:280,5
DA:282,5
DA:283,7
DA:285,18
DA:287,18
DA:288,2
DA:289,1
DA:290,1
DA:291,2
DA:292,1
DA:293,2
DA:294,1
DA:295,2
DA:296,1
DA:297,2
DA:298,1
DA:299,2
DA:300,1
DA:302,18
DA:303,18
DA:316,6
DA:319,6
DA:321,6
DA:322,6
DA:323,6
DA:324,6
DA:325,6
DA:327,6
DA:328,4
DA:329,3
DA:330,3
DA:331,3
DA:332,3
DA:333,3
DA:334,3
DA:335,3
DA:337,1
DA:338,1
DA:339,1
DA:340,1
DA:341,1
DA:344,2
DA:345,3
DA:346,3
DA:348,1
DA:349,1
DA:354,2
DA:355,2
DA:356,2
DA:357,2
DA:358,2
DA:360,6
DA:372,1
DA:373,1
DA:374,1
DA:375,1
DA:378,1
DA:379,1
DA:380,1
DA:381,1
DA:384,1
DA:385,1
DA:386,1
DA:387,1
DA:390,1
DA:391,1
DA:392,1
DA:393,1
DA:396,1
DA:397,1
DA:398,1
DA:399,1
DA:402,1
DA:403,1
DA:404,1
DA:405,1
DA:408,1
DA:409,1
DA:410,1
DA:411,1
DA:414,1
DA:415,1
DA:416,1
DA:417,1
DA:420,1
DA:421,1
DA:422,1
DA:423,1
DA:426,1
DA:427,1
DA:428,1
DA:429,1
DA:430,1
DA:431,1
DA:432,1
DA:433,1
DA:434,1
DA:436,1
DA:437,1
DA:438,1
DA:439,1
DA:440,1
DA:441,1
DA:442,1
DA:443,1
DA:444,1
DA:445,1
DA:448,1
DA:449,1
DA:450,1
DA:451,1
DA:452,1
DA:453,1
DA:454,1
DA:455,1
DA:456,1
DA:458,1
DA:459,1
DA:460,1
DA:461,1
DA:462,1
DA:463,1
DA:464,1
DA:465,1
DA:466,1
DA:467,1
DA:470,1
DA:471,1
DA:472,1
DA:473,1
DA:474,1
DA:475,1
DA:476,1
DA:477,1
DA:478,1
DA:480,1
DA:481,1
DA:482,1
DA:483,1
DA:484,1
DA:485,1
DA:486,1
DA:487,1
DA:488,1
DA:489,1
DA:492,1
DA:493,1
DA:494,1
DA:495,1
DA:496,1
DA:497,1
DA:498,1
DA:499,1
DA:500,1
DA:501,1
DA:502,1
DA:503,1
DA:505,1
DA:506,1
DA:507,1
DA:508,1
DA:509,1
DA:510,1
DA:511,1
DA:514,1
DA:515,1
DA:516,1
DA:517,1
DA:518,1
DA:519,1
DA:520,1
DA:521,1
DA:523,1
DA:524,1
DA:525,1
DA:528,1
DA:529,1
DA:530,1
DA:531,1
DA:532,1
DA:533,1
DA:534,1
DA:535,1
DA:536,1
DA:537,1
DA:538,1
DA:540,1
DA:541,1
DA:542,1
DA:543,1
DA:546,1
DA:547,1
DA:548,1
DA:549,1
DA:550,1
DA:551,1
DA:552,1
DA:553,1
DA:554,1
DA:555,1
DA:556,1
DA:557,1
DA:559,1
DA:560,1
DA:561,1
DA:562,1
DA:563,1
DA:564,1
DA:567,1
DA:568,1
DA:569,1
DA:570,1
DA:571,1
DA:572,1
DA:573,1
DA:574,1
DA:576,1
DA:577,1
DA:578,1
DA:581,1
DA:582,1
DA:583,1
DA:584,1
DA:585,1
DA:586,1
DA:587,1
DA:588,1
DA:589,1
DA:591,1
DA:592,1
DA:593,1
DA:594,1
DA:597,1
DA:598,1
DA:599,1
DA:600,1
DA:601,1
DA:602,1
DA:603,1
DA:604,1
DA:605,1
DA:606,1
DA:607,1
DA:609,1
DA:610,1
DA:611,1
DA:612,1
DA:613,1
DA:614,1
DA:615,1
DA:618,1
DA:619,1
DA:620,1
DA:621,1
DA:622,1
DA:623,1
DA:624,1
DA:625,1
DA:626,1
DA:628,1
DA:629,1
DA:630,1
DA:631,1
DA:632,1
DA:633,1
DA:634,1
DA:637,1
DA:638,1
DA:639,1
DA:640,1
DA:643,1
DA:647,1
DA:648,1
DA:650,1
DA:651,1
DA:652,1
DA:653,1
DA:654,1
DA:655,1
DA:656,1
DA:658,1
DA:659,1
DA:660,1
DA:661,1
DA:662,1
DA:665,1
DA:666,1
DA:667,1
DA:668,1
DA:669,1
DA:670,1
DA:671,1
DA:672,1
DA:673,1
DA:674,1
DA:675,1
DA:676,1
DA:678,1
DA:679,1
DA:680,1
DA:683,1
DA:684,1
DA:685,1
DA:688,1
DA:689,1
DA:690,1
DA:691,1
DA:694,1
DA:695,1
DA:696,1
DA:697,1
DA:698,1
DA:699,1
DA:700,1
DA:701,1
DA:702,1
DA:704,1
DA:705,1
DA:706,1
DA:707,1
DA:708,1
DA:709,1
DA:710,1
DA:713,1
DA:714,1
DA:715,1
DA:716,1
DA:717,1
DA:718,1
DA:719,1
DA:720,1
DA:721,1
DA:723,1
DA:724,1
DA:725,1
DA:726,1
DA:727,1
DA:728,1
DA:729,1
DA:732,1
DA:733,1
DA:734,1
DA:735,1
DA:736,1
DA:738,1
DA:741,1
DA:742,1
DA:743,1
DA:744,1
DA:747,1
DA:748,1
DA:749,1
DA:750,1
DA:751,1
DA:753,1
DA:756,1
DA:757,1
DA:758,1
DA:759,1
DA:762,1
DA:763,1
DA:764,1
DA:765,1
DA:768,1
DA:769,1
DA:770,1
DA:771,1
DA:778,1
DA:779,1
DA:780,1
DA:781,1
DA:782,1
DA:783,1
DA:784,1
DA:785,1
DA:786,1
DA:787,1
DA:789,1
DA:790,1
DA:791,1
DA:792,1
DA:793,1
DA:796,1
DA:797,1
DA:798,1
DA:799,1
DA:800,1
DA:801,1
DA:802,1
DA:803,1
DA:804,1
DA:806,1
DA:807,1
DA:808,1
DA:809,1
DA:810,1
DA:813,1
DA:815,1
DA:816,1
DA:817,1
DA:818,1
DA:819,1
DA:820,1
DA:821,1
DA:822,1
DA:823,1
DA:825,1
DA:826,1
DA:827,1
DA:828,1
DA:829,1
DA:832,1
DA:833,1
DA:834,1
DA:835,1
DA:836,1
DA:837,1
DA:838,1
DA:839,1
DA:840,1
DA:842,1
DA:843,1
DA:844,1
DA:845,1
DA:846,1
DA:850,1
DA:851,1
DA:852,1
DA:855,1
DA:856,1
DA:857,1
DA:858,1
DA:859,1
DA:860,1
DA:861,1
DA:862,1
DA:864,1
DA:865,1
DA:866,1
DA:867,1
DA:870,1
DA:874,1
DA:875,1
DA:876,1
DA:878,1
DA:880,1
DA:881,1
DA:882,1
DA:883,1
DA:884,1
DA:885,1
DA:886,1
DA:888,1
DA:889,1
DA:890,1
DA:891,1
DA:892,1
BRF:0
BRH:0
LF:603
LH:602
end_of_record
SF:/Users/gsalingu/git/api-bones/.claude/worktrees/feat+211-nested-org-adr/api-bones-tower/src/lib.rs
FN:296,_RNCNCNCNCNvNtCs2jOaoKFfTIb_15api_bones_tower5testss_31request_id_layer_injects_header0000Bb_
FN:336,_RNCNCNCNvNtCs2jOaoKFfTIb_15api_bones_tower5testss_29problem_json_layer_maps_error000B9_
FN:416,_RNCNCNCNvNtCs2jOaoKFfTIb_15api_bones_tower5testss_30request_id_future_poll_pending000B9_
FN:380,_RNCNCNCNvNtCs2jOaoKFfTIb_15api_bones_tower5testss_31problem_json_service_poll_ready000B9_
FN:292,_RNCNCNCNvNtCs2jOaoKFfTIb_15api_bones_tower5testss_31request_id_layer_injects_header000B9_
FN:357,_RNCNCNCNvNtCs2jOaoKFfTIb_15api_bones_tower5testss_36problem_json_layer_passes_through_ok000B9_
FN:394,_RNCNCNCNvNtCs2jOaoKFfTIb_15api_bones_tower5testss_40request_id_future_propagates_inner_error000B9_
FN:312,_RNCNCNCNvNtCs2jOaoKFfTIb_15api_bones_tower5testss_42request_id_layer_preserves_existing_header000B9_
FN:338,_RNCNCNvNtCs2jOaoKFfTIb_15api_bones_tower5testss_29problem_json_layer_maps_error00B7_
FN:414,_RNCNCNvNtCs2jOaoKFfTIb_15api_bones_tower5testss_30request_id_future_poll_pending00B7_
FN:382,_RNCNCNvNtCs2jOaoKFfTIb_15api_bones_tower5testss_31problem_json_service_poll_ready00B7_
FN:301,_RNCNCNvNtCs2jOaoKFfTIb_15api_bones_tower5testss_31request_id_layer_injects_header00B7_
FN:364,_RNCNCNvNtCs2jOaoKFfTIb_15api_bones_tower5testss_36problem_json_layer_passes_through_ok00B7_
FN:396,_RNCNCNvNtCs2jOaoKFfTIb_15api_bones_tower5testss_40request_id_future_propagates_inner_error00B7_
FN:314,_RNCNCNvNtCs2jOaoKFfTIb_15api_bones_tower5testss_42request_id_layer_preserves_existing_header00B7_
FN:333,_RNCNvNtCs2jOaoKFfTIb_15api_bones_tower5testss_29problem_json_layer_maps_error0B5_
FN:405,_RNCNvNtCs2jOaoKFfTIb_15api_bones_tower5testss_30request_id_future_poll_pending0B5_
FN:377,_RNCNvNtCs2jOaoKFfTIb_15api_bones_tower5testss_31problem_json_service_poll_ready0B5_
FN:289,_RNCNvNtCs2jOaoKFfTIb_15api_bones_tower5testss_31request_id_layer_injects_header0B5_
FN:354,_RNCNvNtCs2jOaoKFfTIb_15api_bones_tower5testss_36problem_json_layer_passes_through_ok0B5_
FN:391,_RNCNvNtCs2jOaoKFfTIb_15api_bones_tower5testss_40request_id_future_propagates_inner_error0B5_
FN:309,_RNCNvNtCs2jOaoKFfTIb_15api_bones_tower5testss_42request_id_layer_preserves_existing_header0B5_
FN:333,_RNvNtCs2jOaoKFfTIb_15api_bones_tower5testss_29problem_json_layer_maps_error
FN:405,_RNvNtCs2jOaoKFfTIb_15api_bones_tower5testss_30request_id_future_poll_pending
FN:377,_RNvNtCs2jOaoKFfTIb_15api_bones_tower5testss_31problem_json_service_poll_ready
FN:289,_RNvNtCs2jOaoKFfTIb_15api_bones_tower5testss_31request_id_layer_injects_header
FN:354,_RNvNtCs2jOaoKFfTIb_15api_bones_tower5testss_36problem_json_layer_passes_through_ok
FN:372,_RNvNtCs2jOaoKFfTIb_15api_bones_tower5testss_39request_id_layer_default_is_same_as_new
FN:391,_RNvNtCs2jOaoKFfTIb_15api_bones_tower5testss_40request_id_future_propagates_inner_error
FN:309,_RNvNtCs2jOaoKFfTIb_15api_bones_tower5testss_42request_id_layer_preserves_existing_header
FN:249,_RNCNvXs5_Cs2jOaoKFfTIb_15api_bones_towerINtB7_18ProblemJsonServiceINtNtNtCsksMDDxcDbCX_5tower4util10service_fn9ServiceFnNCNCNvNtB7_5testss_29problem_json_layer_maps_error00EEINtCsk5fuVICVjdO_13tower_service7ServiceINtNtCsj901y1vRFmJ_4http7request7RequestuEE4call0B7_
FN:249,_RNCNvXs5_Cs2jOaoKFfTIb_15api_bones_towerINtB7_18ProblemJsonServiceINtNtNtCsksMDDxcDbCX_5tower4util10service_fn9ServiceFnNCNCNvNtB7_5testss_31problem_json_service_poll_ready00EEINtCsk5fuVICVjdO_13tower_service7ServiceINtNtCsj901y1vRFmJ_4http7request7RequestuEE4call0B7_
FN:249,_RNCNvXs5_Cs2jOaoKFfTIb_15api_bones_towerINtB7_18ProblemJsonServiceINtNtNtCsksMDDxcDbCX_5tower4util10service_fn9ServiceFnNCNCNvNtB7_5testss_36problem_json_layer_passes_through_ok00EEINtCsk5fuVICVjdO_13tower_service7ServiceINtNtCsj901y1vRFmJ_4http7request7RequestuEE4call0B7_
FN:94,_RNvXs0_Cs2jOaoKFfTIb_15api_bones_towerNtB5_14RequestIdLayerINtCsjJP8XdZJijT_11tower_layer5LayerINtNtNtCsksMDDxcDbCX_5tower4util10service_fn9ServiceFnNCNCNvNtB5_5testss_30request_id_future_poll_pending00EE5layerB5_
FN:94,_RNvXs0_Cs2jOaoKFfTIb_15api_bones_towerNtB5_14RequestIdLayerINtCsjJP8XdZJijT_11tower_layer5LayerINtNtNtCsksMDDxcDbCX_5tower4util10service_fn9ServiceFnNCNCNvNtB5_5testss_31request_id_layer_injects_header00EE5layerB5_
FN:94,_RNvXs0_Cs2jOaoKFfTIb_15api_bones_towerNtB5_14RequestIdLayerINtCsjJP8XdZJijT_11tower_layer5LayerINtNtNtCsksMDDxcDbCX_5tower4util10service_fn9ServiceFnNCNCNvNtB5_5testss_40request_id_future_propagates_inner_error00EE5layerB5_
FN:94,_RNvXs0_Cs2jOaoKFfTIb_15api_bones_towerNtB5_14RequestIdLayerINtCsjJP8XdZJijT_11tower_layer5LayerINtNtNtCsksMDDxcDbCX_5tower4util10service_fn9ServiceFnNCNCNvNtB5_5testss_42request_id_layer_preserves_existing_header00EE5layerB5_
FN:125,_RNvXs1_Cs2jOaoKFfTIb_15api_bones_towerINtB5_16RequestIdServiceINtNtNtCsksMDDxcDbCX_5tower4util10service_fn9ServiceFnNCNCNvNtB5_5testss_30request_id_future_poll_pending00EEINtCsk5fuVICVjdO_13tower_service7ServiceINtNtCsj901y1vRFmJ_4http7request7RequestuEE4callB5_
FN:121,_RNvXs1_Cs2jOaoKFfTIb_15api_bones_towerINtB5_16RequestIdServiceINtNtNtCsksMDDxcDbCX_5tower4util10service_fn9ServiceFnNCNCNvNtB5_5testss_31request_id_layer_injects_header00EEINtCsk5fuVICVjdO_13tower_service7ServiceINtNtCsj901y1vRFmJ_4http7request7RequestuEE10poll_readyB5_
FN:125,_RNvXs1_Cs2jOaoKFfTIb_15api_bones_towerINtB5_16RequestIdServiceINtNtNtCsksMDDxcDbCX_5tower4util10service_fn9ServiceFnNCNCNvNtB5_5testss_31request_id_layer_injects_header00EEINtCsk5fuVICVjdO_13tower_service7ServiceINtNtCsj901y1vRFmJ_4http7request7RequestuEE4callB5_
FN:121,_RNvXs1_Cs2jOaoKFfTIb_15api_bones_towerINtB5_16RequestIdServiceINtNtNtCsksMDDxcDbCX_5tower4util10service_fn9ServiceFnNCNCNvNtB5_5testss_40request_id_future_propagates_inner_error00EEINtCsk5fuVICVjdO_13tower_service7ServiceINtNtCsj901y1vRFmJ_4http7request7RequestuEE10poll_readyB5_
FN:125,_RNvXs1_Cs2jOaoKFfTIb_15api_bones_towerINtB5_16RequestIdServiceINtNtNtCsksMDDxcDbCX_5tower4util10service_fn9ServiceFnNCNCNvNtB5_5testss_40request_id_future_propagates_inner_error00EEINtCsk5fuVICVjdO_13tower_service7ServiceINtNtCsj901y1vRFmJ_4http7request7RequestuEE4callB5_
FN:121,_RNvXs1_Cs2jOaoKFfTIb_15api_bones_towerINtB5_16RequestIdServiceINtNtNtCsksMDDxcDbCX_5tower4util10service_fn9ServiceFnNCNCNvNtB5_5testss_42request_id_layer_preserves_existing_header00EEINtCsk5fuVICVjdO_13tower_service7ServiceINtNtCsj901y1vRFmJ_4http7request7RequestuEE10poll_readyB5_
FN:125,_RNvXs1_Cs2jOaoKFfTIb_15api_bones_towerINtB5_16RequestIdServiceINtNtNtCsksMDDxcDbCX_5tower4util10service_fn9ServiceFnNCNCNvNtB5_5testss_42request_id_layer_preserves_existing_header00EEINtCsk5fuVICVjdO_13tower_service7ServiceINtNtCsj901y1vRFmJ_4http7request7RequestuEE4callB5_
FN:162,_RNvXs2_Cs2jOaoKFfTIb_15api_bones_towerINtB5_15RequestIdFutureNCNCNCNvNtB5_5testss_30request_id_future_poll_pending000NtNtCsipk7xt2ATo7_5alloc6string6StringENtNtNtCsbUtogaBoXXO_4core6future6future6Future4pollB5_
FN:162,_RNvXs2_Cs2jOaoKFfTIb_15api_bones_towerINtB5_15RequestIdFutureNCNCNCNvNtB5_5testss_31request_id_layer_injects_header000NtNtCsipk7xt2ATo7_5alloc6string6StringENtNtNtCsbUtogaBoXXO_4core6future6future6Future4pollB5_
FN:162,_RNvXs2_Cs2jOaoKFfTIb_15api_bones_towerINtB5_15RequestIdFutureNCNCNCNvNtB5_5testss_40request_id_future_propagates_inner_error000NtNtCsipk7xt2ATo7_5alloc6string6StringENtNtNtCsbUtogaBoXXO_4core6future6future6Future4pollB5_
FN:162,_RNvXs2_Cs2jOaoKFfTIb_15api_bones_towerINtB5_15RequestIdFutureNCNCNCNvNtB5_5testss_42request_id_layer_preserves_existing_header000NtNtCsipk7xt2ATo7_5alloc6string6StringENtNtNtCsbUtogaBoXXO_4core6future6future6Future4pollB5_
FN:216,_RNvXs4_Cs2jOaoKFfTIb_15api_bones_towerNtB5_16ProblemJsonLayerINtCsjJP8XdZJijT_11tower_layer5LayerINtNtNtCsksMDDxcDbCX_5tower4util10service_fn9ServiceFnNCNCNvNtB5_5testss_29problem_json_layer_maps_error00EE5layerB5_
FN:216,_RNvXs4_Cs2jOaoKFfTIb_15api_bones_towerNtB5_16ProblemJsonLayerINtCsjJP8XdZJijT_11tower_layer5LayerINtNtNtCsksMDDxcDbCX_5tower4util10service_fn9ServiceFnNCNCNvNtB5_5testss_36problem_json_layer_passes_through_ok00EE5layerB5_
FN:239,_RNvXs5_Cs2jOaoKFfTIb_15api_bones_towerINtB5_18ProblemJsonServiceINtNtNtCsksMDDxcDbCX_5tower4util10service_fn9ServiceFnNCNCNvNtB5_5testss_29problem_json_layer_maps_error00EEINtCsk5fuVICVjdO_13tower_service7ServiceINtNtCsj901y1vRFmJ_4http7request7RequestuEE10poll_readyB5_
FN:247,_RNvXs5_Cs2jOaoKFfTIb_15api_bones_towerINtB5_18ProblemJsonServiceINtNtNtCsksMDDxcDbCX_5tower4util10service_fn9ServiceFnNCNCNvNtB5_5testss_29problem_json_layer_maps_error00EEINtCsk5fuVICVjdO_13tower_service7ServiceINtNtCsj901y1vRFmJ_4http7request7RequestuEE4callB5_
FN:239,_RNvXs5_Cs2jOaoKFfTIb_15api_bones_towerINtB5_18ProblemJsonServiceINtNtNtCsksMDDxcDbCX_5tower4util10service_fn9ServiceFnNCNCNvNtB5_5testss_31problem_json_service_poll_ready00EEINtCsk5fuVICVjdO_13tower_service7ServiceINtNtCsj901y1vRFmJ_4http7request7RequestuEE10poll_readyB5_
FN:247,_RNvXs5_Cs2jOaoKFfTIb_15api_bones_towerINtB5_18ProblemJsonServiceINtNtNtCsksMDDxcDbCX_5tower4util10service_fn9ServiceFnNCNCNvNtB5_5testss_31problem_json_service_poll_ready00EEINtCsk5fuVICVjdO_13tower_service7ServiceINtNtCsj901y1vRFmJ_4http7request7RequestuEE4callB5_
FN:239,_RNvXs5_Cs2jOaoKFfTIb_15api_bones_towerINtB5_18ProblemJsonServiceINtNtNtCsksMDDxcDbCX_5tower4util10service_fn9ServiceFnNCNCNvNtB5_5testss_36problem_json_layer_passes_through_ok00EEINtCsk5fuVICVjdO_13tower_service7ServiceINtNtCsj901y1vRFmJ_4http7request7RequestuEE10poll_readyB5_
FN:247,_RNvXs5_Cs2jOaoKFfTIb_15api_bones_towerINtB5_18ProblemJsonServiceINtNtNtCsksMDDxcDbCX_5tower4util10service_fn9ServiceFnNCNCNvNtB5_5testss_36problem_json_layer_passes_through_ok00EEINtCsk5fuVICVjdO_13tower_service7ServiceINtNtCsj901y1vRFmJ_4http7request7RequestuEE4callB5_
FN:262,_RNvCs2jOaoKFfTIb_15api_bones_tower21api_error_to_response
FN:78,_RNvMCs2jOaoKFfTIb_15api_bones_towerNtB2_14RequestIdLayer3new
FN:208,_RNvMs3_Cs2jOaoKFfTIb_15api_bones_towerNtB5_16ProblemJsonLayer3new
FN:86,_RNvXs_Cs2jOaoKFfTIb_15api_bones_towerNtB4_14RequestIdLayerNtNtCsbUtogaBoXXO_4core7default7Default7default
FN:249,_RNCNvXs5_Cskjp04g6RO9E_15api_bones_towerINtB7_18ProblemJsonServiceINtNtNtCsksMDDxcDbCX_5tower4util10service_fn9ServiceFnNCNCNvCskrVjZgCeeVl_12problem_json4main00EEINtCsk5fuVICVjdO_13tower_service7ServiceINtNtCsj901y1vRFmJ_4http7request7RequestuEE4call0B20_
FN:249,_RNCNvXs5_Cskjp04g6RO9E_15api_bones_towerINtB7_18ProblemJsonServiceINtNtNtCsksMDDxcDbCX_5tower4util10service_fn9ServiceFnNCNCNvCskrVjZgCeeVl_12problem_json4main0s0_0EEINtCsk5fuVICVjdO_13tower_service7ServiceINtNtCsj901y1vRFmJ_4http7request7RequestuEE4call0B20_
FN:249,_RNCNvXs5_Cskjp04g6RO9E_15api_bones_towerINtB7_18ProblemJsonServiceINtNtNtCsksMDDxcDbCX_5tower4util10service_fn9ServiceFnNCNCNvCskrVjZgCeeVl_12problem_json4main0s_0EEINtCsk5fuVICVjdO_13tower_service7ServiceINtNtCsj901y1vRFmJ_4http7request7RequestuEE4call0B20_
FN:94,_RNvXs0_Cskjp04g6RO9E_15api_bones_towerNtB5_14RequestIdLayerINtCsjJP8XdZJijT_11tower_layer5LayerINtB5_18ProblemJsonServiceINtNtNtCsksMDDxcDbCX_5tower4util10service_fn9ServiceFnNCNCNvCskrVjZgCeeVl_12problem_json4main0s0_0EEE5layerB2T_
FN:121,_RNvXs1_Cskjp04g6RO9E_15api_bones_towerINtB5_16RequestIdServiceINtB5_18ProblemJsonServiceINtNtNtCsksMDDxcDbCX_5tower4util10service_fn9ServiceFnNCNCNvCskrVjZgCeeVl_12problem_json4main0s0_0EEEINtCsk5fuVICVjdO_13tower_service7ServiceINtNtCsj901y1vRFmJ_4http7request7RequestuEE10poll_readyB2m_
FN:125,_RNvXs1_Cskjp04g6RO9E_15api_bones_towerINtB5_16RequestIdServiceINtB5_18ProblemJsonServiceINtNtNtCsksMDDxcDbCX_5tower4util10service_fn9ServiceFnNCNCNvCskrVjZgCeeVl_12problem_json4main0s0_0EEEINtCsk5fuVICVjdO_13tower_service7ServiceINtNtCsj901y1vRFmJ_4http7request7RequestuEE4callB2m_
FN:162,_RNvXs2_Cskjp04g6RO9E_15api_bones_towerINtB5_15RequestIdFutureINtNtCsbUtogaBoXXO_4core3pin3PinINtNtCsipk7xt2ATo7_5alloc5boxed3BoxDNtNtNtB12_6future6future6Futurep6OutputINtNtB12_6result6ResultINtNtCsj901y1vRFmJ_4http8response8ResponseNtNtB1y_6string6StringENtNtB12_7convert10InfallibleENtNtB12_6marker4SendEL_EEB3J_EB23_4pollCskrVjZgCeeVl_12problem_json
FN:216,_RNvXs4_Cskjp04g6RO9E_15api_bones_towerNtB5_16ProblemJsonLayerINtCsjJP8XdZJijT_11tower_layer5LayerINtNtNtCsksMDDxcDbCX_5tower4util10service_fn9ServiceFnNCNCNvCskrVjZgCeeVl_12problem_json4main00EE5layerB2v_
FN:216,_RNvXs4_Cskjp04g6RO9E_15api_bones_towerNtB5_16ProblemJsonLayerINtCsjJP8XdZJijT_11tower_layer5LayerINtNtNtCsksMDDxcDbCX_5tower4util10service_fn9ServiceFnNCNCNvCskrVjZgCeeVl_12problem_json4main0s0_0EE5layerB2v_
FN:216,_RNvXs4_Cskjp04g6RO9E_15api_bones_towerNtB5_16ProblemJsonLayerINtCsjJP8XdZJijT_11tower_layer5LayerINtNtNtCsksMDDxcDbCX_5tower4util10service_fn9ServiceFnNCNCNvCskrVjZgCeeVl_12problem_json4main0s_0EE5layerB2v_
FN:239,_RNvXs5_Cskjp04g6RO9E_15api_bones_towerINtB5_18ProblemJsonServiceINtNtNtCsksMDDxcDbCX_5tower4util10service_fn9ServiceFnNCNCNvCskrVjZgCeeVl_12problem_json4main00EEINtCsk5fuVICVjdO_13tower_service7ServiceINtNtCsj901y1vRFmJ_4http7request7RequestuEE10poll_readyB1Y_
FN:247,_RNvXs5_Cskjp04g6RO9E_15api_bones_towerINtB5_18ProblemJsonServiceINtNtNtCsksMDDxcDbCX_5tower4util10service_fn9ServiceFnNCNCNvCskrVjZgCeeVl_12problem_json4main00EEINtCsk5fuVICVjdO_13tower_service7ServiceINtNtCsj901y1vRFmJ_4http7request7RequestuEE4callB1Y_
FN:239,_RNvXs5_Cskjp04g6RO9E_15api_bones_towerINtB5_18ProblemJsonServiceINtNtNtCsksMDDxcDbCX_5tower4util10service_fn9ServiceFnNCNCNvCskrVjZgCeeVl_12problem_json4main0s0_0EEINtCsk5fuVICVjdO_13tower_service7ServiceINtNtCsj901y1vRFmJ_4http7request7RequestuEE10poll_readyB1Y_
FN:247,_RNvXs5_Cskjp04g6RO9E_15api_bones_towerINtB5_18ProblemJsonServiceINtNtNtCsksMDDxcDbCX_5tower4util10service_fn9ServiceFnNCNCNvCskrVjZgCeeVl_12problem_json4main0s0_0EEINtCsk5fuVICVjdO_13tower_service7ServiceINtNtCsj901y1vRFmJ_4http7request7RequestuEE4callB1Y_
FN:239,_RNvXs5_Cskjp04g6RO9E_15api_bones_towerINtB5_18ProblemJsonServiceINtNtNtCsksMDDxcDbCX_5tower4util10service_fn9ServiceFnNCNCNvCskrVjZgCeeVl_12problem_json4main0s_0EEINtCsk5fuVICVjdO_13tower_service7ServiceINtNtCsj901y1vRFmJ_4http7request7RequestuEE10poll_readyB1Y_
FN:247,_RNvXs5_Cskjp04g6RO9E_15api_bones_towerINtB5_18ProblemJsonServiceINtNtNtCsksMDDxcDbCX_5tower4util10service_fn9ServiceFnNCNCNvCskrVjZgCeeVl_12problem_json4main0s_0EEINtCsk5fuVICVjdO_13tower_service7ServiceINtNtCsj901y1vRFmJ_4http7request7RequestuEE4callB1Y_
FN:249,_RNCNvXINICskjp04g6RO9E_15api_bones_towers5_0ppEINtB7_18ProblemJsonServicepEINtCsk5fuVICVjdO_13tower_service7ServiceINtNtCsj901y1vRFmJ_4http7request7RequestpEE4call0B7_
FN:94,_RNvXINICskjp04g6RO9E_15api_bones_towers0_0pENtB5_14RequestIdLayerINtCsjJP8XdZJijT_11tower_layer5LayerpE5layerB5_
FN:121,_RNvXINICskjp04g6RO9E_15api_bones_towers1_0pppEINtB5_16RequestIdServicepEINtCsk5fuVICVjdO_13tower_service7ServiceINtNtCsj901y1vRFmJ_4http7request7RequestpEE10poll_readyB5_
FN:125,_RNvXINICskjp04g6RO9E_15api_bones_towers1_0pppEINtB5_16RequestIdServicepEINtCsk5fuVICVjdO_13tower_service7ServiceINtNtCsj901y1vRFmJ_4http7request7RequestpEE4callB5_
FN:162,_RNvXINICskjp04g6RO9E_15api_bones_towers2_0pppEINtB5_15RequestIdFutureppENtNtNtCsbUtogaBoXXO_4core6future6future6Future4pollB5_
FN:216,_RNvXINICskjp04g6RO9E_15api_bones_towers4_0pENtB5_16ProblemJsonLayerINtCsjJP8XdZJijT_11tower_layer5LayerpE5layerB5_
FN:239,_RNvXINICskjp04g6RO9E_15api_bones_towers5_0ppEINtB5_18ProblemJsonServicepEINtCsk5fuVICVjdO_13tower_service7ServiceINtNtCsj901y1vRFmJ_4http7request7RequestpEE10poll_readyB5_
FN:247,_RNvXINICskjp04g6RO9E_15api_bones_towers5_0ppEINtB5_18ProblemJsonServicepEINtCsk5fuVICVjdO_13tower_service7ServiceINtNtCsj901y1vRFmJ_4http7request7RequestpEE4callB5_
FN:262,_RNvCskjp04g6RO9E_15api_bones_tower21api_error_to_response
FN:78,_RNvMCskjp04g6RO9E_15api_bones_towerNtB2_14RequestIdLayer3new
FN:208,_RNvMs3_Cskjp04g6RO9E_15api_bones_towerNtB5_16ProblemJsonLayer3new
FN:86,_RNvXs_Cskjp04g6RO9E_15api_bones_towerNtB4_14RequestIdLayerNtNtCsbUtogaBoXXO_4core7default7Default7default
FN:94,_RNvXs0_Cskjp04g6RO9E_15api_bones_towerNtB5_14RequestIdLayerINtCsjJP8XdZJijT_11tower_layer5LayerINtNtNtCsksMDDxcDbCX_5tower4util10service_fn9ServiceFnNvCsipe8wtjPcF7_10request_id15echo_request_idEE5layerB2p_
FN:121,_RNvXs1_Cskjp04g6RO9E_15api_bones_towerINtB5_16RequestIdServiceINtNtNtCsksMDDxcDbCX_5tower4util10service_fn9ServiceFnNvCsipe8wtjPcF7_10request_id15echo_request_idEEINtCsk5fuVICVjdO_13tower_service7ServiceINtNtCsj901y1vRFmJ_4http7request7RequestuEE10poll_readyB1S_
FN:125,_RNvXs1_Cskjp04g6RO9E_15api_bones_towerINtB5_16RequestIdServiceINtNtNtCsksMDDxcDbCX_5tower4util10service_fn9ServiceFnNvCsipe8wtjPcF7_10request_id15echo_request_idEEINtCsk5fuVICVjdO_13tower_service7ServiceINtNtCsj901y1vRFmJ_4http7request7RequestuEE4callB1S_
FN:162,_RNvXs2_Cskjp04g6RO9E_15api_bones_towerINtB5_15RequestIdFutureNCNvCsipe8wtjPcF7_10request_id15echo_request_id0NtNtCsipk7xt2ATo7_5alloc6string6StringENtNtNtCsbUtogaBoXXO_4core6future6future6Future4pollB11_
FNDA:1,_RNCNCNCNCNvNtCs2jOaoKFfTIb_15api_bones_tower5testss_31request_id_layer_injects_header0000Bb_
FNDA:1,_RNCNCNCNvNtCs2jOaoKFfTIb_15api_bones_tower5testss_29problem_json_layer_maps_error000B9_
FNDA:1,_RNCNCNCNvNtCs2jOaoKFfTIb_15api_bones_tower5testss_30request_id_future_poll_pending000B9_
FNDA:1,_RNCNCNCNvNtCs2jOaoKFfTIb_15api_bones_tower5testss_31problem_json_service_poll_ready000B9_
FNDA:1,_RNCNCNCNvNtCs2jOaoKFfTIb_15api_bones_tower5testss_31request_id_layer_injects_header000B9_
FNDA:1,_RNCNCNCNvNtCs2jOaoKFfTIb_15api_bones_tower5testss_36problem_json_layer_passes_through_ok000B9_
FNDA:1,_RNCNCNCNvNtCs2jOaoKFfTIb_15api_bones_tower5testss_40request_id_future_propagates_inner_error000B9_
FNDA:1,_RNCNCNCNvNtCs2jOaoKFfTIb_15api_bones_tower5testss_42request_id_layer_preserves_existing_header000B9_
FNDA:1,_RNCNCNvNtCs2jOaoKFfTIb_15api_bones_tower5testss_29problem_json_layer_maps_error00B7_
FNDA:1,_RNCNCNvNtCs2jOaoKFfTIb_15api_bones_tower5testss_30request_id_future_poll_pending00B7_
FNDA:1,_RNCNCNvNtCs2jOaoKFfTIb_15api_bones_tower5testss_31problem_json_service_poll_ready00B7_
FNDA:1,_RNCNCNvNtCs2jOaoKFfTIb_15api_bones_tower5testss_31request_id_layer_injects_header00B7_
FNDA:1,_RNCNCNvNtCs2jOaoKFfTIb_15api_bones_tower5testss_36problem_json_layer_passes_through_ok00B7_
FNDA:1,_RNCNCNvNtCs2jOaoKFfTIb_15api_bones_tower5testss_40request_id_future_propagates_inner_error00B7_
FNDA:1,_RNCNCNvNtCs2jOaoKFfTIb_15api_bones_tower5testss_42request_id_layer_preserves_existing_header00B7_
FNDA:1,_RNCNvNtCs2jOaoKFfTIb_15api_bones_tower5testss_29problem_json_layer_maps_error0B5_
FNDA:1,_RNCNvNtCs2jOaoKFfTIb_15api_bones_tower5testss_30request_id_future_poll_pending0B5_
FNDA:1,_RNCNvNtCs2jOaoKFfTIb_15api_bones_tower5testss_31problem_json_service_poll_ready0B5_
FNDA:1,_RNCNvNtCs2jOaoKFfTIb_15api_bones_tower5testss_31request_id_layer_injects_header0B5_
FNDA:1,_RNCNvNtCs2jOaoKFfTIb_15api_bones_tower5testss_36problem_json_layer_passes_through_ok0B5_
FNDA:1,_RNCNvNtCs2jOaoKFfTIb_15api_bones_tower5testss_40request_id_future_propagates_inner_error0B5_
FNDA:1,_RNCNvNtCs2jOaoKFfTIb_15api_bones_tower5testss_42request_id_layer_preserves_existing_header0B5_
FNDA:1,_RNvNtCs2jOaoKFfTIb_15api_bones_tower5testss_29problem_json_layer_maps_error
FNDA:1,_RNvNtCs2jOaoKFfTIb_15api_bones_tower5testss_30request_id_future_poll_pending
FNDA:1,_RNvNtCs2jOaoKFfTIb_15api_bones_tower5testss_31problem_json_service_poll_ready
FNDA:1,_RNvNtCs2jOaoKFfTIb_15api_bones_tower5testss_31request_id_layer_injects_header
FNDA:1,_RNvNtCs2jOaoKFfTIb_15api_bones_tower5testss_36problem_json_layer_passes_through_ok
FNDA:1,_RNvNtCs2jOaoKFfTIb_15api_bones_tower5testss_39request_id_layer_default_is_same_as_new
FNDA:1,_RNvNtCs2jOaoKFfTIb_15api_bones_tower5testss_40request_id_future_propagates_inner_error
FNDA:1,_RNvNtCs2jOaoKFfTIb_15api_bones_tower5testss_42request_id_layer_preserves_existing_header
FNDA:1,_RNCNvXs5_Cs2jOaoKFfTIb_15api_bones_towerINtB7_18ProblemJsonServiceINtNtNtCsksMDDxcDbCX_5tower4util10service_fn9ServiceFnNCNCNvNtB7_5testss_29problem_json_layer_maps_error00EEINtCsk5fuVICVjdO_13tower_service7ServiceINtNtCsj901y1vRFmJ_4http7request7RequestuEE4call0B7_
FNDA:1,_RNCNvXs5_Cs2jOaoKFfTIb_15api_bones_towerINtB7_18ProblemJsonServiceINtNtNtCsksMDDxcDbCX_5tower4util10service_fn9ServiceFnNCNCNvNtB7_5testss_31problem_json_service_poll_ready00EEINtCsk5fuVICVjdO_13tower_service7ServiceINtNtCsj901y1vRFmJ_4http7request7RequestuEE4call0B7_
FNDA:1,_RNCNvXs5_Cs2jOaoKFfTIb_15api_bones_towerINtB7_18ProblemJsonServiceINtNtNtCsksMDDxcDbCX_5tower4util10service_fn9ServiceFnNCNCNvNtB7_5testss_36problem_json_layer_passes_through_ok00EEINtCsk5fuVICVjdO_13tower_service7ServiceINtNtCsj901y1vRFmJ_4http7request7RequestuEE4call0B7_
FNDA:1,_RNvXs0_Cs2jOaoKFfTIb_15api_bones_towerNtB5_14RequestIdLayerINtCsjJP8XdZJijT_11tower_layer5LayerINtNtNtCsksMDDxcDbCX_5tower4util10service_fn9ServiceFnNCNCNvNtB5_5testss_30request_id_future_poll_pending00EE5layerB5_
FNDA:1,_RNvXs0_Cs2jOaoKFfTIb_15api_bones_towerNtB5_14RequestIdLayerINtCsjJP8XdZJijT_11tower_layer5LayerINtNtNtCsksMDDxcDbCX_5tower4util10service_fn9ServiceFnNCNCNvNtB5_5testss_31request_id_layer_injects_header00EE5layerB5_
FNDA:1,_RNvXs0_Cs2jOaoKFfTIb_15api_bones_towerNtB5_14RequestIdLayerINtCsjJP8XdZJijT_11tower_layer5LayerINtNtNtCsksMDDxcDbCX_5tower4util10service_fn9ServiceFnNCNCNvNtB5_5testss_40request_id_future_propagates_inner_error00EE5layerB5_
FNDA:1,_RNvXs0_Cs2jOaoKFfTIb_15api_bones_towerNtB5_14RequestIdLayerINtCsjJP8XdZJijT_11tower_layer5LayerINtNtNtCsksMDDxcDbCX_5tower4util10service_fn9ServiceFnNCNCNvNtB5_5testss_42request_id_layer_preserves_existing_header00EE5layerB5_
FNDA:1,_RNvXs1_Cs2jOaoKFfTIb_15api_bones_towerINtB5_16RequestIdServiceINtNtNtCsksMDDxcDbCX_5tower4util10service_fn9ServiceFnNCNCNvNtB5_5testss_30request_id_future_poll_pending00EEINtCsk5fuVICVjdO_13tower_service7ServiceINtNtCsj901y1vRFmJ_4http7request7RequestuEE4callB5_
FNDA:1,_RNvXs1_Cs2jOaoKFfTIb_15api_bones_towerINtB5_16RequestIdServiceINtNtNtCsksMDDxcDbCX_5tower4util10service_fn9ServiceFnNCNCNvNtB5_5testss_31request_id_layer_injects_header00EEINtCsk5fuVICVjdO_13tower_service7ServiceINtNtCsj901y1vRFmJ_4http7request7RequestuEE10poll_readyB5_
FNDA:1,_RNvXs1_Cs2jOaoKFfTIb_15api_bones_towerINtB5_16RequestIdServiceINtNtNtCsksMDDxcDbCX_5tower4util10service_fn9ServiceFnNCNCNvNtB5_5testss_31request_id_layer_injects_header00EEINtCsk5fuVICVjdO_13tower_service7ServiceINtNtCsj901y1vRFmJ_4http7request7RequestuEE4callB5_
FNDA:1,_RNvXs1_Cs2jOaoKFfTIb_15api_bones_towerINtB5_16RequestIdServiceINtNtNtCsksMDDxcDbCX_5tower4util10service_fn9ServiceFnNCNCNvNtB5_5testss_40request_id_future_propagates_inner_error00EEINtCsk5fuVICVjdO_13tower_service7ServiceINtNtCsj901y1vRFmJ_4http7request7RequestuEE10poll_readyB5_
FNDA:1,_RNvXs1_Cs2jOaoKFfTIb_15api_bones_towerINtB5_16RequestIdServiceINtNtNtCsksMDDxcDbCX_5tower4util10service_fn9ServiceFnNCNCNvNtB5_5testss_40request_id_future_propagates_inner_error00EEINtCsk5fuVICVjdO_13tower_service7ServiceINtNtCsj901y1vRFmJ_4http7request7RequestuEE4callB5_
FNDA:1,_RNvXs1_Cs2jOaoKFfTIb_15api_bones_towerINtB5_16RequestIdServiceINtNtNtCsksMDDxcDbCX_5tower4util10service_fn9ServiceFnNCNCNvNtB5_5testss_42request_id_layer_preserves_existing_header00EEINtCsk5fuVICVjdO_13tower_service7ServiceINtNtCsj901y1vRFmJ_4http7request7RequestuEE10poll_readyB5_
FNDA:1,_RNvXs1_Cs2jOaoKFfTIb_15api_bones_towerINtB5_16RequestIdServiceINtNtNtCsksMDDxcDbCX_5tower4util10service_fn9ServiceFnNCNCNvNtB5_5testss_42request_id_layer_preserves_existing_header00EEINtCsk5fuVICVjdO_13tower_service7ServiceINtNtCsj901y1vRFmJ_4http7request7RequestuEE4callB5_
FNDA:2,_RNvXs2_Cs2jOaoKFfTIb_15api_bones_towerINtB5_15RequestIdFutureNCNCNCNvNtB5_5testss_30request_id_future_poll_pending000NtNtCsipk7xt2ATo7_5alloc6string6StringENtNtNtCsbUtogaBoXXO_4core6future6future6Future4pollB5_
FNDA:1,_RNvXs2_Cs2jOaoKFfTIb_15api_bones_towerINtB5_15RequestIdFutureNCNCNCNvNtB5_5testss_31request_id_layer_injects_header000NtNtCsipk7xt2ATo7_5alloc6string6StringENtNtNtCsbUtogaBoXXO_4core6future6future6Future4pollB5_
FNDA:1,_RNvXs2_Cs2jOaoKFfTIb_15api_bones_towerINtB5_15RequestIdFutureNCNCNCNvNtB5_5testss_40request_id_future_propagates_inner_error000NtNtCsipk7xt2ATo7_5alloc6string6StringENtNtNtCsbUtogaBoXXO_4core6future6future6Future4pollB5_
FNDA:1,_RNvXs2_Cs2jOaoKFfTIb_15api_bones_towerINtB5_15RequestIdFutureNCNCNCNvNtB5_5testss_42request_id_layer_preserves_existing_header000NtNtCsipk7xt2ATo7_5alloc6string6StringENtNtNtCsbUtogaBoXXO_4core6future6future6Future4pollB5_
FNDA:1,_RNvXs4_Cs2jOaoKFfTIb_15api_bones_towerNtB5_16ProblemJsonLayerINtCsjJP8XdZJijT_11tower_layer5LayerINtNtNtCsksMDDxcDbCX_5tower4util10service_fn9ServiceFnNCNCNvNtB5_5testss_29problem_json_layer_maps_error00EE5layerB5_
FNDA:1,_RNvXs4_Cs2jOaoKFfTIb_15api_bones_towerNtB5_16ProblemJsonLayerINtCsjJP8XdZJijT_11tower_layer5LayerINtNtNtCsksMDDxcDbCX_5tower4util10service_fn9ServiceFnNCNCNvNtB5_5testss_36problem_json_layer_passes_through_ok00EE5layerB5_
FNDA:1,_RNvXs5_Cs2jOaoKFfTIb_15api_bones_towerINtB5_18ProblemJsonServiceINtNtNtCsksMDDxcDbCX_5tower4util10service_fn9ServiceFnNCNCNvNtB5_5testss_29problem_json_layer_maps_error00EEINtCsk5fuVICVjdO_13tower_service7ServiceINtNtCsj901y1vRFmJ_4http7request7RequestuEE10poll_readyB5_
FNDA:1,_RNvXs5_Cs2jOaoKFfTIb_15api_bones_towerINtB5_18ProblemJsonServiceINtNtNtCsksMDDxcDbCX_5tower4util10service_fn9ServiceFnNCNCNvNtB5_5testss_29problem_json_layer_maps_error00EEINtCsk5fuVICVjdO_13tower_service7ServiceINtNtCsj901y1vRFmJ_4http7request7RequestuEE4callB5_
FNDA:1,_RNvXs5_Cs2jOaoKFfTIb_15api_bones_towerINtB5_18ProblemJsonServiceINtNtNtCsksMDDxcDbCX_5tower4util10service_fn9ServiceFnNCNCNvNtB5_5testss_31problem_json_service_poll_ready00EEINtCsk5fuVICVjdO_13tower_service7ServiceINtNtCsj901y1vRFmJ_4http7request7RequestuEE10poll_readyB5_
FNDA:1,_RNvXs5_Cs2jOaoKFfTIb_15api_bones_towerINtB5_18ProblemJsonServiceINtNtNtCsksMDDxcDbCX_5tower4util10service_fn9ServiceFnNCNCNvNtB5_5testss_31problem_json_service_poll_ready00EEINtCsk5fuVICVjdO_13tower_service7ServiceINtNtCsj901y1vRFmJ_4http7request7RequestuEE4callB5_
FNDA:1,_RNvXs5_Cs2jOaoKFfTIb_15api_bones_towerINtB5_18ProblemJsonServiceINtNtNtCsksMDDxcDbCX_5tower4util10service_fn9ServiceFnNCNCNvNtB5_5testss_36problem_json_layer_passes_through_ok00EEINtCsk5fuVICVjdO_13tower_service7ServiceINtNtCsj901y1vRFmJ_4http7request7RequestuEE10poll_readyB5_
FNDA:1,_RNvXs5_Cs2jOaoKFfTIb_15api_bones_towerINtB5_18ProblemJsonServiceINtNtNtCsksMDDxcDbCX_5tower4util10service_fn9ServiceFnNCNCNvNtB5_5testss_36problem_json_layer_passes_through_ok00EEINtCsk5fuVICVjdO_13tower_service7ServiceINtNtCsj901y1vRFmJ_4http7request7RequestuEE4callB5_
FNDA:1,_RNvCs2jOaoKFfTIb_15api_bones_tower21api_error_to_response
FNDA:5,_RNvMCs2jOaoKFfTIb_15api_bones_towerNtB2_14RequestIdLayer3new
FNDA:2,_RNvMs3_Cs2jOaoKFfTIb_15api_bones_towerNtB5_16ProblemJsonLayer3new
FNDA:1,_RNvXs_Cs2jOaoKFfTIb_15api_bones_towerNtB4_14RequestIdLayerNtNtCsbUtogaBoXXO_4core7default7Default7default
FNDA:0,_RNCNvXs5_Cskjp04g6RO9E_15api_bones_towerINtB7_18ProblemJsonServiceINtNtNtCsksMDDxcDbCX_5tower4util10service_fn9ServiceFnNCNCNvCskrVjZgCeeVl_12problem_json4main00EEINtCsk5fuVICVjdO_13tower_service7ServiceINtNtCsj901y1vRFmJ_4http7request7RequestuEE4call0B20_
FNDA:0,_RNCNvXs5_Cskjp04g6RO9E_15api_bones_towerINtB7_18ProblemJsonServiceINtNtNtCsksMDDxcDbCX_5tower4util10service_fn9ServiceFnNCNCNvCskrVjZgCeeVl_12problem_json4main0s0_0EEINtCsk5fuVICVjdO_13tower_service7ServiceINtNtCsj901y1vRFmJ_4http7request7RequestuEE4call0B20_
FNDA:0,_RNCNvXs5_Cskjp04g6RO9E_15api_bones_towerINtB7_18ProblemJsonServiceINtNtNtCsksMDDxcDbCX_5tower4util10service_fn9ServiceFnNCNCNvCskrVjZgCeeVl_12problem_json4main0s_0EEINtCsk5fuVICVjdO_13tower_service7ServiceINtNtCsj901y1vRFmJ_4http7request7RequestuEE4call0B20_
FNDA:0,_RNvXs0_Cskjp04g6RO9E_15api_bones_towerNtB5_14RequestIdLayerINtCsjJP8XdZJijT_11tower_layer5LayerINtB5_18ProblemJsonServiceINtNtNtCsksMDDxcDbCX_5tower4util10service_fn9ServiceFnNCNCNvCskrVjZgCeeVl_12problem_json4main0s0_0EEE5layerB2T_
FNDA:0,_RNvXs1_Cskjp04g6RO9E_15api_bones_towerINtB5_16RequestIdServiceINtB5_18ProblemJsonServiceINtNtNtCsksMDDxcDbCX_5tower4util10service_fn9ServiceFnNCNCNvCskrVjZgCeeVl_12problem_json4main0s0_0EEEINtCsk5fuVICVjdO_13tower_service7ServiceINtNtCsj901y1vRFmJ_4http7request7RequestuEE10poll_readyB2m_
FNDA:0,_RNvXs1_Cskjp04g6RO9E_15api_bones_towerINtB5_16RequestIdServiceINtB5_18ProblemJsonServiceINtNtNtCsksMDDxcDbCX_5tower4util10service_fn9ServiceFnNCNCNvCskrVjZgCeeVl_12problem_json4main0s0_0EEEINtCsk5fuVICVjdO_13tower_service7ServiceINtNtCsj901y1vRFmJ_4http7request7RequestuEE4callB2m_
FNDA:0,_RNvXs2_Cskjp04g6RO9E_15api_bones_towerINtB5_15RequestIdFutureINtNtCsbUtogaBoXXO_4core3pin3PinINtNtCsipk7xt2ATo7_5alloc5boxed3BoxDNtNtNtB12_6future6future6Futurep6OutputINtNtB12_6result6ResultINtNtCsj901y1vRFmJ_4http8response8ResponseNtNtB1y_6string6StringENtNtB12_7convert10InfallibleENtNtB12_6marker4SendEL_EEB3J_EB23_4pollCskrVjZgCeeVl_12problem_json
FNDA:0,_RNvXs4_Cskjp04g6RO9E_15api_bones_towerNtB5_16ProblemJsonLayerINtCsjJP8XdZJijT_11tower_layer5LayerINtNtNtCsksMDDxcDbCX_5tower4util10service_fn9ServiceFnNCNCNvCskrVjZgCeeVl_12problem_json4main00EE5layerB2v_
FNDA:0,_RNvXs4_Cskjp04g6RO9E_15api_bones_towerNtB5_16ProblemJsonLayerINtCsjJP8XdZJijT_11tower_layer5LayerINtNtNtCsksMDDxcDbCX_5tower4util10service_fn9ServiceFnNCNCNvCskrVjZgCeeVl_12problem_json4main0s0_0EE5layerB2v_
FNDA:0,_RNvXs4_Cskjp04g6RO9E_15api_bones_towerNtB5_16ProblemJsonLayerINtCsjJP8XdZJijT_11tower_layer5LayerINtNtNtCsksMDDxcDbCX_5tower4util10service_fn9ServiceFnNCNCNvCskrVjZgCeeVl_12problem_json4main0s_0EE5layerB2v_
FNDA:0,_RNvXs5_Cskjp04g6RO9E_15api_bones_towerINtB5_18ProblemJsonServiceINtNtNtCsksMDDxcDbCX_5tower4util10service_fn9ServiceFnNCNCNvCskrVjZgCeeVl_12problem_json4main00EEINtCsk5fuVICVjdO_13tower_service7ServiceINtNtCsj901y1vRFmJ_4http7request7RequestuEE10poll_readyB1Y_
FNDA:0,_RNvXs5_Cskjp04g6RO9E_15api_bones_towerINtB5_18ProblemJsonServiceINtNtNtCsksMDDxcDbCX_5tower4util10service_fn9ServiceFnNCNCNvCskrVjZgCeeVl_12problem_json4main00EEINtCsk5fuVICVjdO_13tower_service7ServiceINtNtCsj901y1vRFmJ_4http7request7RequestuEE4callB1Y_
FNDA:0,_RNvXs5_Cskjp04g6RO9E_15api_bones_towerINtB5_18ProblemJsonServiceINtNtNtCsksMDDxcDbCX_5tower4util10service_fn9ServiceFnNCNCNvCskrVjZgCeeVl_12problem_json4main0s0_0EEINtCsk5fuVICVjdO_13tower_service7ServiceINtNtCsj901y1vRFmJ_4http7request7RequestuEE10poll_readyB1Y_
FNDA:0,_RNvXs5_Cskjp04g6RO9E_15api_bones_towerINtB5_18ProblemJsonServiceINtNtNtCsksMDDxcDbCX_5tower4util10service_fn9ServiceFnNCNCNvCskrVjZgCeeVl_12problem_json4main0s0_0EEINtCsk5fuVICVjdO_13tower_service7ServiceINtNtCsj901y1vRFmJ_4http7request7RequestuEE4callB1Y_
FNDA:0,_RNvXs5_Cskjp04g6RO9E_15api_bones_towerINtB5_18ProblemJsonServiceINtNtNtCsksMDDxcDbCX_5tower4util10service_fn9ServiceFnNCNCNvCskrVjZgCeeVl_12problem_json4main0s_0EEINtCsk5fuVICVjdO_13tower_service7ServiceINtNtCsj901y1vRFmJ_4http7request7RequestuEE10poll_readyB1Y_
FNDA:0,_RNvXs5_Cskjp04g6RO9E_15api_bones_towerINtB5_18ProblemJsonServiceINtNtNtCsksMDDxcDbCX_5tower4util10service_fn9ServiceFnNCNCNvCskrVjZgCeeVl_12problem_json4main0s_0EEINtCsk5fuVICVjdO_13tower_service7ServiceINtNtCsj901y1vRFmJ_4http7request7RequestuEE4callB1Y_
FNDA:0,_RNCNvXINICskjp04g6RO9E_15api_bones_towers5_0ppEINtB7_18ProblemJsonServicepEINtCsk5fuVICVjdO_13tower_service7ServiceINtNtCsj901y1vRFmJ_4http7request7RequestpEE4call0B7_
FNDA:0,_RNvXINICskjp04g6RO9E_15api_bones_towers0_0pENtB5_14RequestIdLayerINtCsjJP8XdZJijT_11tower_layer5LayerpE5layerB5_
FNDA:0,_RNvXINICskjp04g6RO9E_15api_bones_towers1_0pppEINtB5_16RequestIdServicepEINtCsk5fuVICVjdO_13tower_service7ServiceINtNtCsj901y1vRFmJ_4http7request7RequestpEE10poll_readyB5_
FNDA:0,_RNvXINICskjp04g6RO9E_15api_bones_towers1_0pppEINtB5_16RequestIdServicepEINtCsk5fuVICVjdO_13tower_service7ServiceINtNtCsj901y1vRFmJ_4http7request7RequestpEE4callB5_
FNDA:0,_RNvXINICskjp04g6RO9E_15api_bones_towers2_0pppEINtB5_15RequestIdFutureppENtNtNtCsbUtogaBoXXO_4core6future6future6Future4pollB5_
FNDA:0,_RNvXINICskjp04g6RO9E_15api_bones_towers4_0pENtB5_16ProblemJsonLayerINtCsjJP8XdZJijT_11tower_layer5LayerpE5layerB5_
FNDA:0,_RNvXINICskjp04g6RO9E_15api_bones_towers5_0ppEINtB5_18ProblemJsonServicepEINtCsk5fuVICVjdO_13tower_service7ServiceINtNtCsj901y1vRFmJ_4http7request7RequestpEE10poll_readyB5_
FNDA:0,_RNvXINICskjp04g6RO9E_15api_bones_towers5_0ppEINtB5_18ProblemJsonServicepEINtCsk5fuVICVjdO_13tower_service7ServiceINtNtCsj901y1vRFmJ_4http7request7RequestpEE4callB5_
FNDA:0,_RNvCskjp04g6RO9E_15api_bones_tower21api_error_to_response
FNDA:0,_RNvMCskjp04g6RO9E_15api_bones_towerNtB2_14RequestIdLayer3new
FNDA:0,_RNvMs3_Cskjp04g6RO9E_15api_bones_towerNtB5_16ProblemJsonLayer3new
FNDA:0,_RNvXs_Cskjp04g6RO9E_15api_bones_towerNtB4_14RequestIdLayerNtNtCsbUtogaBoXXO_4core7default7Default7default
FNDA:0,_RNvXs0_Cskjp04g6RO9E_15api_bones_towerNtB5_14RequestIdLayerINtCsjJP8XdZJijT_11tower_layer5LayerINtNtNtCsksMDDxcDbCX_5tower4util10service_fn9ServiceFnNvCsipe8wtjPcF7_10request_id15echo_request_idEE5layerB2p_
FNDA:0,_RNvXs1_Cskjp04g6RO9E_15api_bones_towerINtB5_16RequestIdServiceINtNtNtCsksMDDxcDbCX_5tower4util10service_fn9ServiceFnNvCsipe8wtjPcF7_10request_id15echo_request_idEEINtCsk5fuVICVjdO_13tower_service7ServiceINtNtCsj901y1vRFmJ_4http7request7RequestuEE10poll_readyB1S_
FNDA:0,_RNvXs1_Cskjp04g6RO9E_15api_bones_towerINtB5_16RequestIdServiceINtNtNtCsksMDDxcDbCX_5tower4util10service_fn9ServiceFnNvCsipe8wtjPcF7_10request_id15echo_request_idEEINtCsk5fuVICVjdO_13tower_service7ServiceINtNtCsj901y1vRFmJ_4http7request7RequestuEE4callB1S_
FNDA:0,_RNvXs2_Cskjp04g6RO9E_15api_bones_towerINtB5_15RequestIdFutureNCNvCsipe8wtjPcF7_10request_id15echo_request_id0NtNtCsipk7xt2ATo7_5alloc6string6StringENtNtNtCsbUtogaBoXXO_4core6future6future6Future4pollB11_
FNF:42
FNH:42
DA:78,5
DA:79,5
DA:80,5
DA:81,5
DA:82,5
DA:86,1
DA:87,1
DA:88,1
DA:94,4
DA:95,4
DA:96,4
DA:97,4
DA:98,4
DA:99,4
DA:121,3
DA:122,3
DA:123,3
DA:125,4
DA:127,4
DA:128,1
DA:130,3
DA:131,3
DA:132,3
DA:133,3
DA:134,3
DA:135,3
DA:138,4
DA:139,4
DA:140,4
DA:141,4
DA:142,4
DA:143,4
DA:144,4
DA:162,5
DA:163,5
DA:164,5
DA:165,1
DA:166,3
DA:167,3
DA:168,3
DA:169,3
DA:170,3
DA:172,1
DA:174,5
DA:208,2
DA:209,2
DA:210,2
DA:216,2
DA:217,2
DA:218,2
DA:239,3
DA:240,3
DA:241,0
DA:242,3
DA:243,0
DA:245,3
DA:247,3
DA:248,3
DA:249,3
DA:250,3
DA:251,2
DA:252,1
DA:253,1
DA:254,1
DA:257,3
DA:258,3
DA:262,1
DA:265,1
DA:266,1
DA:267,1
DA:269,1
DA:270,1
DA:272,1
DA:273,1
DA:274,1
DA:275,1
DA:276,1
DA:277,1
DA:289,1
DA:290,1
DA:291,1
DA:292,1
DA:293,1
DA:294,1
DA:295,1
DA:296,1
DA:297,1
DA:298,1
DA:299,1
DA:300,1
DA:301,2
DA:303,1
DA:304,1
DA:305,1
DA:306,1
DA:309,1
DA:310,1
DA:311,1
DA:312,1
DA:313,1
DA:314,2
DA:316,1
DA:317,1
DA:318,1
DA:319,1
DA:320,1
DA:321,1
DA:322,1
DA:323,1
DA:324,1
DA:325,1
DA:326,1
DA:327,1
DA:328,1
DA:329,1
DA:330,1
DA:333,1
DA:334,1
DA:335,1
DA:336,1
DA:337,1
DA:338,2
DA:340,1
DA:341,1
DA:342,1
DA:343,1
DA:344,1
DA:345,1
DA:346,1
DA:347,1
DA:348,1
DA:349,1
DA:350,1
DA:351,1
DA:354,1
DA:355,1
DA:356,1
DA:357,1
DA:358,1
DA:359,1
DA:360,1
DA:361,1
DA:362,1
DA:363,1
DA:364,2
DA:366,1
DA:367,1
DA:368,1
DA:369,1
DA:372,1
DA:373,1
DA:374,1
DA:377,1
DA:380,1
DA:381,1
DA:382,2
DA:383,1
DA:384,1
DA:385,1
DA:386,1
DA:387,1
DA:388,1
DA:391,1
DA:392,1
DA:393,1
DA:394,1
DA:395,1
DA:396,2
DA:398,1
DA:399,1
DA:400,1
DA:401,1
DA:402,1
DA:405,1
DA:411,1
DA:412,1
DA:414,1
DA:415,1
DA:416,1
DA:417,1
DA:418,1
DA:419,1
DA:420,1
DA:421,1
DA:422,1
DA:423,1
DA:425,1
DA:426,1
DA:428,1
DA:429,1
DA:430,1
DA:431,1
DA:432,1
DA:433,1
BRF:0
BRH:0
LF:233
LH:228
end_of_record
SF:/Users/gsalingu/git/api-bones/.claude/worktrees/feat+211-nested-org-adr/src/audit.rs
FN:380,_RNCNvXs8_NtCs1ufPfM0GhR0_9api_bones5auditNtB7_9PrincipalNtNtNtCsdzzFRNBoJB7_8proptest9arbitrary6traits9Arbitrary14arbitrary_with0B9_
FN:412,_RNCNvXs9_NtCs1ufPfM0GhR0_9api_bones5auditNtB7_11PrincipalIdNtNtNtCsdzzFRNBoJB7_8proptest9arbitrary6traits9Arbitrary14arbitrary_with0B9_
FN:684,_RNCNvXsf_NtCs1ufPfM0GhR0_9api_bones5auditNtB7_9AuditInfoNtNtNtCsdzzFRNBoJB7_8proptest9arbitrary6traits9Arbitrary14arbitrary_with0B9_
FN:320,_RNvXs5_NtCs1ufPfM0GhR0_9api_bones5auditNtB5_9PrincipalNtCsbaNmgZyAOpq_9arbitrary9Arbitrary9arbitrary
FN:344,_RNvXs6_NtCs1ufPfM0GhR0_9api_bones5auditNtB5_11PrincipalIdNtCsbaNmgZyAOpq_9arbitrary9Arbitrary9arbitrary
FN:361,_RNvXs7_NtCs1ufPfM0GhR0_9api_bones5auditNtB5_13PrincipalKindNtCsbaNmgZyAOpq_9arbitrary9Arbitrary9arbitrary
FN:377,_RNvXs8_NtCs1ufPfM0GhR0_9api_bones5auditNtB5_9PrincipalNtNtNtCsdzzFRNBoJB7_8proptest9arbitrary6traits9Arbitrary14arbitrary_with
FN:409,_RNvXs9_NtCs1ufPfM0GhR0_9api_bones5auditNtB5_11PrincipalIdNtNtNtCsdzzFRNBoJB7_8proptest9arbitrary6traits9Arbitrary14arbitrary_with
FN:434,_RNvXsa_NtCs1ufPfM0GhR0_9api_bones5auditNtB5_13PrincipalKindNtNtNtCsdzzFRNBoJB7_8proptest9arbitrary6traits9Arbitrary14arbitrary_with
FN:653,_RNvXse_NtCs1ufPfM0GhR0_9api_bones5auditNtB5_9AuditInfoNtCsbaNmgZyAOpq_9arbitrary9Arbitrary9arbitrary
FN:675,_RNvXsf_NtCs1ufPfM0GhR0_9api_bones5auditNtB5_9AuditInfoNtNtNtCsdzzFRNBoJB7_8proptest9arbitrary6traits9Arbitrary14arbitrary_with
FN:940,_RNvNtNtCs1ufPfM0GhR0_9api_bones5audit5testss_15new_constructor
FN:727,_RNvNtNtCs1ufPfM0GhR0_9api_bones5audit5testss_20principal_id_display
FN:721,_RNvNtNtCs1ufPfM0GhR0_9api_bones5audit5testss_22principal_id_from_uuid
FN:714,_RNvNtNtCs1ufPfM0GhR0_9api_bones5audit5testss_23principal_id_from_owned
FN:708,_RNvNtNtCs1ufPfM0GhR0_9api_bones5audit5testss_23principal_id_static_str
FN:918,_RNvNtNtCs1ufPfM0GhR0_9api_bones5audit5testss_25now_with_system_principal
FN:868,_RNvNtNtCs1ufPfM0GhR0_9api_bones5audit5testss_25principal_clone_roundtrip
FN:745,_RNvNtNtCs1ufPfM0GhR0_9api_bones5audit5testss_26principal_kind_copy_and_eq
FN:752,_RNvNtNtCs1ufPfM0GhR0_9api_bones5audit5testss_27principal_kind_all_variants
FN:762,_RNvNtNtCs1ufPfM0GhR0_9api_bones5audit5testss_29principal_human_has_user_kind
FN:734,_RNvNtNtCs1ufPfM0GhR0_9api_bones5audit5testss_30principal_id_serde_transparent
FN:825,_RNvNtNtCs1ufPfM0GhR0_9api_bones5audit5testss_31principal_as_str_returns_id_str
FN:840,_RNvNtNtCs1ufPfM0GhR0_9api_bones5audit5testss_31principal_debug_is_not_redacted
FN:787,_RNvNtNtCs1ufPfM0GhR0_9api_bones5audit5testss_31principal_with_org_path_builder
FN:775,_RNvNtNtCs1ufPfM0GhR0_9api_bones5audit5testss_32principal_system_has_system_kind
FN:894,_RNvNtNtCs1ufPfM0GhR0_9api_bones5audit5testss_33principal_serde_includes_org_path
FN:1019,_RNvNtNtCs1ufPfM0GhR0_9api_bones5audit5testss_33resolved_principal_from_principal
FN:904,_RNvNtNtCs1ufPfM0GhR0_9api_bones5audit5testss_34now_sets_created_at_and_updated_at
FN:769,_RNvNtNtCs1ufPfM0GhR0_9api_bones5audit5testss_34principal_human_has_empty_org_path
FN:992,_RNvNtNtCs1ufPfM0GhR0_9api_bones5audit5testss_34principal_parse_error_is_std_error
FN:804,_RNvNtNtCs1ufPfM0GhR0_9api_bones5audit5testss_34principal_try_parse_sets_user_kind
FN:953,_RNvNtNtCs1ufPfM0GhR0_9api_bones5audit5testss_34serde_round_trip_with_system_actor
FN:781,_RNvNtNtCs1ufPfM0GhR0_9api_bones5audit5testss_35principal_system_has_empty_org_path
FN:832,_RNvNtNtCs1ufPfM0GhR0_9api_bones5audit5testss_36principal_display_forwards_to_as_str
FN:962,_RNvNtNtCs1ufPfM0GhR0_9api_bones5audit5testss_37serde_actor_fields_are_always_present
FN:876,_RNvNtNtCs1ufPfM0GhR0_9api_bones5audit5testss_38principal_serde_struct_roundtrip_human
FN:796,_RNvNtNtCs1ufPfM0GhR0_9api_bones5audit5testss_38principal_try_parse_accepts_valid_uuid
FN:885,_RNvNtNtCs1ufPfM0GhR0_9api_bones5audit5testss_39principal_serde_struct_roundtrip_system
FN:927,_RNvNtNtCs1ufPfM0GhR0_9api_bones5audit5testss_39touch_updates_updated_at_and_updated_by
FN:811,_RNvNtNtCs1ufPfM0GhR0_9api_bones5audit5testss_40principal_try_parse_rejects_email_string
FN:819,_RNvNtNtCs1ufPfM0GhR0_9api_bones5audit5testss_40principal_try_parse_rejects_empty_string
FN:983,_RNvNtNtCs1ufPfM0GhR0_9api_bones5audit5testss_44principal_parse_error_display_contains_input
FN:1003,_RNvNtNtCs1ufPfM0GhR0_9api_bones5audit5testss_44resolved_principal_new_and_display_with_name
FN:1011,_RNvNtNtCs1ufPfM0GhR0_9api_bones5audit5testss_45resolved_principal_display_falls_back_to_uuid
FN:1028,_RNvNtNtCs1ufPfM0GhR0_9api_bones5audit5testss_48resolved_principal_serde_omits_none_display_name
FN:851,_RNvNtNtCs1ufPfM0GhR0_9api_bones5audit5testss_53principal_equality_and_hash_across_owned_and_borrowed
FN:1040,_RNvNtNtCs1ufPfM0GhR0_9api_bones5audit5testss_55resolved_principal_serde_includes_display_name_when_set
FN:250,_RNCNvMs3_NtCs1ufPfM0GhR0_9api_bones5auditNtB7_9Principal9try_parse0B9_
FN:632,_RNCNvMsc_NtCs1ufPfM0GhR0_9api_bones5auditNtB7_17ResolvedPrincipal7display0B9_
FN:56,_RNvMNtCs1ufPfM0GhR0_9api_bones5auditNtB2_11PrincipalId10from_owned
FN:50,_RNvMNtCs1ufPfM0GhR0_9api_bones5auditNtB2_11PrincipalId10static_str
FN:62,_RNvMNtCs1ufPfM0GhR0_9api_bones5auditNtB2_11PrincipalId6as_str
FN:69,_RNvMNtCs1ufPfM0GhR0_9api_bones5auditNtB2_11PrincipalId9from_uuid
FN:304,_RNvMs3_NtCs1ufPfM0GhR0_9api_bones5auditNtB5_9Principal13with_org_path
FN:215,_RNvMs3_NtCs1ufPfM0GhR0_9api_bones5auditNtB5_9Principal5human
FN:285,_RNvMs3_NtCs1ufPfM0GhR0_9api_bones5auditNtB5_9Principal6as_str
FN:267,_RNvMs3_NtCs1ufPfM0GhR0_9api_bones5auditNtB5_9Principal6system
FN:246,_RNvMs3_NtCs1ufPfM0GhR0_9api_bones5auditNtB5_9Principal9try_parse
FN:512,_RNvMsb_NtCs1ufPfM0GhR0_9api_bones5auditNtB5_9AuditInfo3new
FN:547,_RNvMsb_NtCs1ufPfM0GhR0_9api_bones5auditNtB5_9AuditInfo3now
FN:575,_RNvMsb_NtCs1ufPfM0GhR0_9api_bones5auditNtB5_9AuditInfo5touch
FN:622,_RNvMsc_NtCs1ufPfM0GhR0_9api_bones5auditNtB5_17ResolvedPrincipal3new
FN:629,_RNvMsc_NtCs1ufPfM0GhR0_9api_bones5auditNtB5_17ResolvedPrincipal7display
FN:81,_RNvXs0_NtCs1ufPfM0GhR0_9api_bones5auditNtB5_11PrincipalIdNtNtCsbUtogaBoXXO_4core3fmt7Display3fmt
FN:118,_RNvXs1_NtCs1ufPfM0GhR0_9api_bones5auditNtB5_19PrincipalParseErrorNtNtCsbUtogaBoXXO_4core3fmt7Display3fmt
FN:311,_RNvXs4_NtCs1ufPfM0GhR0_9api_bones5auditNtB5_9PrincipalNtNtCsbUtogaBoXXO_4core3fmt7Display3fmt
FN:75,_RNvXs_NtCs1ufPfM0GhR0_9api_bones5auditNtB4_11PrincipalIdNtNtCsbUtogaBoXXO_4core3fmt5Debug3fmt
FN:637,_RNvXsd_NtCs1ufPfM0GhR0_9api_bones5auditNtB5_17ResolvedPrincipalINtNtCsbUtogaBoXXO_4core7convert4FromNtB5_9PrincipalE4from
FN:250,_RNCNvMs3_NtCs6zS5XWhHsrg_9api_bones5auditNtB7_9Principal9try_parse0B9_
FN:632,_RNCNvMsc_NtCs6zS5XWhHsrg_9api_bones5auditNtB7_17ResolvedPrincipal7display0B9_
FN:380,_RNCNvXs8_NtCs6zS5XWhHsrg_9api_bones5auditNtB7_9PrincipalNtNtNtCsdzzFRNBoJB7_8proptest9arbitrary6traits9Arbitrary14arbitrary_with0B9_
FN:412,_RNCNvXs9_NtCs6zS5XWhHsrg_9api_bones5auditNtB7_11PrincipalIdNtNtNtCsdzzFRNBoJB7_8proptest9arbitrary6traits9Arbitrary14arbitrary_with0B9_
FN:684,_RNCNvXsf_NtCs6zS5XWhHsrg_9api_bones5auditNtB7_9AuditInfoNtNtNtCsdzzFRNBoJB7_8proptest9arbitrary6traits9Arbitrary14arbitrary_with0B9_
FN:56,_RNvMNtCs6zS5XWhHsrg_9api_bones5auditNtB2_11PrincipalId10from_owned
FN:50,_RNvMNtCs6zS5XWhHsrg_9api_bones5auditNtB2_11PrincipalId10static_str
FN:62,_RNvMNtCs6zS5XWhHsrg_9api_bones5auditNtB2_11PrincipalId6as_str
FN:69,_RNvMNtCs6zS5XWhHsrg_9api_bones5auditNtB2_11PrincipalId9from_uuid
FN:304,_RNvMs3_NtCs6zS5XWhHsrg_9api_bones5auditNtB5_9Principal13with_org_path
FN:215,_RNvMs3_NtCs6zS5XWhHsrg_9api_bones5auditNtB5_9Principal5human
FN:285,_RNvMs3_NtCs6zS5XWhHsrg_9api_bones5auditNtB5_9Principal6as_str
FN:267,_RNvMs3_NtCs6zS5XWhHsrg_9api_bones5auditNtB5_9Principal6system
FN:246,_RNvMs3_NtCs6zS5XWhHsrg_9api_bones5auditNtB5_9Principal9try_parse
FN:512,_RNvMsb_NtCs6zS5XWhHsrg_9api_bones5auditNtB5_9AuditInfo3new
FN:547,_RNvMsb_NtCs6zS5XWhHsrg_9api_bones5auditNtB5_9AuditInfo3now
FN:575,_RNvMsb_NtCs6zS5XWhHsrg_9api_bones5auditNtB5_9AuditInfo5touch
FN:622,_RNvMsc_NtCs6zS5XWhHsrg_9api_bones5auditNtB5_17ResolvedPrincipal3new
FN:629,_RNvMsc_NtCs6zS5XWhHsrg_9api_bones5auditNtB5_17ResolvedPrincipal7display
FN:81,_RNvXs0_NtCs6zS5XWhHsrg_9api_bones5auditNtB5_11PrincipalIdNtNtCsbUtogaBoXXO_4core3fmt7Display3fmt
FN:118,_RNvXs1_NtCs6zS5XWhHsrg_9api_bones5auditNtB5_19PrincipalParseErrorNtNtCsbUtogaBoXXO_4core3fmt7Display3fmt
FN:311,_RNvXs4_NtCs6zS5XWhHsrg_9api_bones5auditNtB5_9PrincipalNtNtCsbUtogaBoXXO_4core3fmt7Display3fmt
FN:320,_RNvXs5_NtCs6zS5XWhHsrg_9api_bones5auditNtB5_9PrincipalNtCsbaNmgZyAOpq_9arbitrary9Arbitrary9arbitrary
FN:344,_RNvXs6_NtCs6zS5XWhHsrg_9api_bones5auditNtB5_11PrincipalIdNtCsbaNmgZyAOpq_9arbitrary9Arbitrary9arbitrary
FN:361,_RNvXs7_NtCs6zS5XWhHsrg_9api_bones5auditNtB5_13PrincipalKindNtCsbaNmgZyAOpq_9arbitrary9Arbitrary9arbitrary
FN:377,_RNvXs8_NtCs6zS5XWhHsrg_9api_bones5auditNtB5_9PrincipalNtNtNtCsdzzFRNBoJB7_8proptest9arbitrary6traits9Arbitrary14arbitrary_with
FN:409,_RNvXs9_NtCs6zS5XWhHsrg_9api_bones5auditNtB5_11PrincipalIdNtNtNtCsdzzFRNBoJB7_8proptest9arbitrary6traits9Arbitrary14arbitrary_with
FN:75,_RNvXs_NtCs6zS5XWhHsrg_9api_bones5auditNtB4_11PrincipalIdNtNtCsbUtogaBoXXO_4core3fmt5Debug3fmt
FN:434,_RNvXsa_NtCs6zS5XWhHsrg_9api_bones5auditNtB5_13PrincipalKindNtNtNtCsdzzFRNBoJB7_8proptest9arbitrary6traits9Arbitrary14arbitrary_with
FN:637,_RNvXsd_NtCs6zS5XWhHsrg_9api_bones5auditNtB5_17ResolvedPrincipalINtNtCsbUtogaBoXXO_4core7convert4FromNtB5_9PrincipalE4from
FN:653,_RNvXse_NtCs6zS5XWhHsrg_9api_bones5auditNtB5_9AuditInfoNtCsbaNmgZyAOpq_9arbitrary9Arbitrary9arbitrary
FN:675,_RNvXsf_NtCs6zS5XWhHsrg_9api_bones5auditNtB5_9AuditInfoNtNtNtCsdzzFRNBoJB7_8proptest9arbitrary6traits9Arbitrary14arbitrary_with
FNDA:0,_RNCNvXs8_NtCs1ufPfM0GhR0_9api_bones5auditNtB7_9PrincipalNtNtNtCsdzzFRNBoJB7_8proptest9arbitrary6traits9Arbitrary14arbitrary_with0B9_
FNDA:0,_RNCNvXs9_NtCs1ufPfM0GhR0_9api_bones5auditNtB7_11PrincipalIdNtNtNtCsdzzFRNBoJB7_8proptest9arbitrary6traits9Arbitrary14arbitrary_with0B9_
[...]
FN:559,_RNvNtNtCs1ufPfM0GhR0_9api_bones7version5testss_34api_version_parse_error_in_hashset
FN:489,_RNvNtNtCs1ufPfM0GhR0_9api_bones7version5testss_34parse_date_invalid_day_non_numeric
FN:482,_RNvNtNtCs1ufPfM0GhR0_9api_bones7version5testss_35parse_date_invalid_year_non_numeric
FN:475,_RNvNtNtCs1ufPfM0GhR0_9api_bones7version5testss_36api_version_parse_error_clone_and_eq
FN:456,_RNvNtNtCs1ufPfM0GhR0_9api_bones7version5testss_36api_version_parse_error_is_std_error
FN:495,_RNvNtNtCs1ufPfM0GhR0_9api_bones7version5testss_36parse_date_invalid_month_non_numeric
FN:646,_RNvNtNtCs1ufPfM0GhR0_9api_bones7version5testss_39serde_api_version_non_string_is_invalid
FN:635,_RNvNtNtCs1ufPfM0GhR0_9api_bones7version5testss_47serde_api_version_invalid_string_produces_error
FN:178,_RINvXs4_NtCs1ufPfM0GhR0_9api_bones7versionNtB6_10ApiVersionNtNtCseAJKguVKcII_10serde_core2de11Deserialize11deserializeNtNtCsdC8qrlXHNsA_10serde_json5value5ValueEB8_
FN:253,_RNCNCNvXs6_NtCs1ufPfM0GhR0_9api_bones7versionNtB9_10ApiVersionINtNtCsgRxEIuGfDXj_9axum_core7extract16FromRequestPartsuE18from_request_parts00Bb_
FN:264,_RNCNCNvXs6_NtCs1ufPfM0GhR0_9api_bones7versionNtB9_10ApiVersionINtNtCsgRxEIuGfDXj_9axum_core7extract16FromRequestPartsuE18from_request_parts0s0_0Bb_
FN:256,_RNCNCNvXs6_NtCs1ufPfM0GhR0_9api_bones7versionNtB9_10ApiVersionINtNtCsgRxEIuGfDXj_9axum_core7extract16FromRequestPartsuE18from_request_parts0s_0Bb_
FN:124,_RNCNvXs2_NtCs1ufPfM0GhR0_9api_bones7versionNtB7_10ApiVersionNtNtNtCsbUtogaBoXXO_4core3str6traits7FromStr8from_str0B9_
FN:134,_RNCNvXs2_NtCs1ufPfM0GhR0_9api_bones7versionNtB7_10ApiVersionNtNtNtCsbUtogaBoXXO_4core3str6traits7FromStr8from_strs0_0B9_
FN:137,_RNCNvXs2_NtCs1ufPfM0GhR0_9api_bones7versionNtB7_10ApiVersionNtNtNtCsbUtogaBoXXO_4core3str6traits7FromStr8from_strs1_0B9_
FN:149,_RNCNvXs2_NtCs1ufPfM0GhR0_9api_bones7versionNtB7_10ApiVersionNtNtNtCsbUtogaBoXXO_4core3str6traits7FromStr8from_strs2_0B9_
FN:152,_RNCNvXs2_NtCs1ufPfM0GhR0_9api_bones7versionNtB7_10ApiVersionNtNtNtCsbUtogaBoXXO_4core3str6traits7FromStr8from_strs3_0B9_
FN:155,_RNCNvXs2_NtCs1ufPfM0GhR0_9api_bones7versionNtB7_10ApiVersionNtNtNtCsbUtogaBoXXO_4core3str6traits7FromStr8from_strs4_0B9_
FN:131,_RNCNvXs2_NtCs1ufPfM0GhR0_9api_bones7versionNtB7_10ApiVersionNtNtNtCsbUtogaBoXXO_4core3str6traits7FromStr8from_strs_0B9_
FN:250,_RNCNvXs6_NtCs1ufPfM0GhR0_9api_bones7versionNtB7_10ApiVersionINtNtCsgRxEIuGfDXj_9axum_core7extract16FromRequestPartsuE18from_request_parts0B9_
FN:247,_RNvXs6_NtCs1ufPfM0GhR0_9api_bones7versionNtB5_10ApiVersionINtNtCsgRxEIuGfDXj_9axum_core7extract16FromRequestPartsuE18from_request_partsB7_
FN:208,_RNvMs5_NtCs1ufPfM0GhR0_9api_bones7versionNtB5_10ApiVersion12header_value
FN:219,_RNvMs5_NtCs1ufPfM0GhR0_9api_bones7versionNtB5_10ApiVersion22inject_content_version
FN:71,_RNvXNtCs1ufPfM0GhR0_9api_bones7versionNtB2_12SemverTripleNtNtCsbUtogaBoXXO_4core3fmt7Display3fmt
FN:99,_RNvXs0_NtCs1ufPfM0GhR0_9api_bones7versionNtB5_20ApiVersionParseErrorNtNtCsbUtogaBoXXO_4core3fmt7Display3fmt
FN:121,_RNvXs2_NtCs1ufPfM0GhR0_9api_bones7versionNtB5_10ApiVersionNtNtNtCsbUtogaBoXXO_4core3str6traits7FromStr8from_str
FN:77,_RNvXs_NtCs1ufPfM0GhR0_9api_bones7versionNtB4_10ApiVersionNtNtCsbUtogaBoXXO_4core3fmt7Display3fmt
FN:178,_RINvXs4_NtCs6zS5XWhHsrg_9api_bones7versionNtB6_10ApiVersionNtNtCseAJKguVKcII_10serde_core2de11Deserialize11deserializepEB8_
FN:253,_RNCNCNvXININtCs6zS5XWhHsrg_9api_bones7versions6_0pENtB9_10ApiVersionINtNtCsgRxEIuGfDXj_9axum_core7extract16FromRequestPartspE18from_request_parts00Bb_
FN:264,_RNCNCNvXININtCs6zS5XWhHsrg_9api_bones7versions6_0pENtB9_10ApiVersionINtNtCsgRxEIuGfDXj_9axum_core7extract16FromRequestPartspE18from_request_parts0s0_0Bb_
FN:256,_RNCNCNvXININtCs6zS5XWhHsrg_9api_bones7versions6_0pENtB9_10ApiVersionINtNtCsgRxEIuGfDXj_9axum_core7extract16FromRequestPartspE18from_request_parts0s_0Bb_
FN:250,_RNCNvXININtCs6zS5XWhHsrg_9api_bones7versions6_0pENtB7_10ApiVersionINtNtCsgRxEIuGfDXj_9axum_core7extract16FromRequestPartspE18from_request_parts0B9_
FN:247,_RNvXININtCs6zS5XWhHsrg_9api_bones7versions6_0pENtB5_10ApiVersionINtNtCsgRxEIuGfDXj_9axum_core7extract16FromRequestPartspE18from_request_partsB7_
FN:208,_RNvMs5_NtCs6zS5XWhHsrg_9api_bones7versionNtB5_10ApiVersion12header_value
FN:219,_RNvMs5_NtCs6zS5XWhHsrg_9api_bones7versionNtB5_10ApiVersion22inject_content_version
FN:71,_RNvXNtCs6zS5XWhHsrg_9api_bones7versionNtB2_12SemverTripleNtNtCsbUtogaBoXXO_4core3fmt7Display3fmt
FN:99,_RNvXs0_NtCs6zS5XWhHsrg_9api_bones7versionNtB5_20ApiVersionParseErrorNtNtCsbUtogaBoXXO_4core3fmt7Display3fmt
FN:121,_RNvXs2_NtCs6zS5XWhHsrg_9api_bones7versionNtB5_10ApiVersionNtNtNtCsbUtogaBoXXO_4core3str6traits7FromStr8from_str
FN:77,_RNvXs_NtCs6zS5XWhHsrg_9api_bones7versionNtB4_10ApiVersionNtNtCsbUtogaBoXXO_4core3fmt7Display3fmt
FN:124,_RNCNvXs2_NtCs6zS5XWhHsrg_9api_bones7versionNtB7_10ApiVersionNtNtNtCsbUtogaBoXXO_4core3str6traits7FromStr8from_str0B9_
FN:134,_RNCNvXs2_NtCs6zS5XWhHsrg_9api_bones7versionNtB7_10ApiVersionNtNtNtCsbUtogaBoXXO_4core3str6traits7FromStr8from_strs0_0B9_
FN:137,_RNCNvXs2_NtCs6zS5XWhHsrg_9api_bones7versionNtB7_10ApiVersionNtNtNtCsbUtogaBoXXO_4core3str6traits7FromStr8from_strs1_0B9_
FN:149,_RNCNvXs2_NtCs6zS5XWhHsrg_9api_bones7versionNtB7_10ApiVersionNtNtNtCsbUtogaBoXXO_4core3str6traits7FromStr8from_strs2_0B9_
FN:152,_RNCNvXs2_NtCs6zS5XWhHsrg_9api_bones7versionNtB7_10ApiVersionNtNtNtCsbUtogaBoXXO_4core3str6traits7FromStr8from_strs3_0B9_
FN:155,_RNCNvXs2_NtCs6zS5XWhHsrg_9api_bones7versionNtB7_10ApiVersionNtNtNtCsbUtogaBoXXO_4core3str6traits7FromStr8from_strs4_0B9_
FN:131,_RNCNvXs2_NtCs6zS5XWhHsrg_9api_bones7versionNtB7_10ApiVersionNtNtNtCsbUtogaBoXXO_4core3str6traits7FromStr8from_strs_0B9_
FN:170,_RNvXs3_NtCs6zS5XWhHsrg_9api_bones7versionNtNtCsipk7xt2ATo7_5alloc6string6StringINtNtCsbUtogaBoXXO_4core7convert4FromNtB5_10ApiVersionE4from
FN:253,_RNCNCNvXs6_NtCs6zS5XWhHsrg_9api_bones7versionNtB9_10ApiVersionINtNtCsgRxEIuGfDXj_9axum_core7extract16FromRequestPartsuE18from_request_parts00Csi3Z6uToK8f7_20axum_core_extractors
FN:264,_RNCNCNvXs6_NtCs6zS5XWhHsrg_9api_bones7versionNtB9_10ApiVersionINtNtCsgRxEIuGfDXj_9axum_core7extract16FromRequestPartsuE18from_request_parts0s0_0Csi3Z6uToK8f7_20axum_core_extractors
FN:256,_RNCNCNvXs6_NtCs6zS5XWhHsrg_9api_bones7versionNtB9_10ApiVersionINtNtCsgRxEIuGfDXj_9axum_core7extract16FromRequestPartsuE18from_request_parts0s_0Csi3Z6uToK8f7_20axum_core_extractors
FN:250,_RNCNvXs6_NtCs6zS5XWhHsrg_9api_bones7versionNtB7_10ApiVersionINtNtCsgRxEIuGfDXj_9axum_core7extract16FromRequestPartsuE18from_request_parts0Csi3Z6uToK8f7_20axum_core_extractors
FN:247,_RNvXs6_NtCs6zS5XWhHsrg_9api_bones7versionNtB5_10ApiVersionINtNtCsgRxEIuGfDXj_9axum_core7extract16FromRequestPartsuE18from_request_partsCsi3Z6uToK8f7_20axum_core_extractors
FNDA:3,_RNvXs3_NtCs1ufPfM0GhR0_9api_bones7versionNtNtCsipk7xt2ATo7_5alloc6string6StringINtNtCsbUtogaBoXXO_4core7convert4FromNtB5_10ApiVersionE4from
FNDA:1,_RNvNtNtCs1ufPfM0GhR0_9api_bones7version5testss_10parse_date
FNDA:1,_RNvNtNtCs1ufPfM0GhR0_9api_bones7version5testss_12header_value
FNDA:1,_RNvNtNtCs1ufPfM0GhR0_9api_bones7version5testss_12parse_semver
FNDA:1,_RNvNtNtCs1ufPfM0GhR0_9api_bones7version5testss_12parse_simple
FNDA:1,_RNvNtNtCs1ufPfM0GhR0_9api_bones7version5testss_13ordering_date
FNDA:1,_RNvNtNtCs1ufPfM0GhR0_9api_bones7version5testss_13parse_invalid
FNDA:1,_RNvNtNtCs1ufPfM0GhR0_9api_bones7version5testss_15ordering_semver
FNDA:1,_RNvNtNtCs1ufPfM0GhR0_9api_bones7version5testss_15ordering_simple
FNDA:1,_RNvNtNtCs1ufPfM0GhR0_9api_bones7version5testss_16hash_api_version
FNDA:1,_RNvNtNtCs1ufPfM0GhR0_9api_bones7version5testss_18hash_semver_triple
FNDA:1,_RNvNtNtCs1ufPfM0GhR0_9api_bones7version5testss_19api_version_ord_cmp
FNDA:1,_RNvNtNtCs1ufPfM0GhR0_9api_bones7version5testss_19header_value_semver
FNDA:1,_RNvNtNtCs1ufPfM0GhR0_9api_bones7version5testss_19header_value_simple
FNDA:1,_RNvNtNtCs1ufPfM0GhR0_9api_bones7version5testss_21semver_triple_display
FNDA:1,_RNvNtNtCs1ufPfM0GhR0_9api_bones7version5testss_21semver_triple_ord_cmp
FNDA:1,_RNvNtNtCs1ufPfM0GhR0_9api_bones7version5testss_21serde_round_trip_date
FNDA:1,_RNvNtNtCs1ufPfM0GhR0_9api_bones7version5testss_22api_version_in_hashset
FNDA:1,_RNvNtNtCs1ufPfM0GhR0_9api_bones7version5testss_22ordering_cross_variant
FNDA:1,_RNvNtNtCs1ufPfM0GhR0_9api_bones7version5testss_22parse_semver_bad_major
FNDA:1,_RNvNtNtCs1ufPfM0GhR0_9api_bones7version5testss_22parse_semver_bad_patch
FNDA:1,_RNvNtNtCs1ufPfM0GhR0_9api_bones7version5testss_22parse_simple_uppercase
FNDA:1,_RNvNtNtCs1ufPfM0GhR0_9api_bones7version5testss_22semver_triple_ordering
FNDA:1,_RNvNtNtCs1ufPfM0GhR0_9api_bones7version5testss_23parse_simple_bad_number
FNDA:1,_RNvNtNtCs1ufPfM0GhR0_9api_bones7version5testss_23serde_round_trip_semver
FNDA:1,_RNvNtNtCs1ufPfM0GhR0_9api_bones7version5testss_23serde_round_trip_simple
FNDA:1,_RNvNtNtCs1ufPfM0GhR0_9api_bones7version5testss_24display_fmt_direct_write
FNDA:1,_RNvNtNtCs1ufPfM0GhR0_9api_bones7version5testss_24semver_triple_in_hashset
FNDA:1,_RNvNtNtCs1ufPfM0GhR0_9api_bones7version5testss_26api_version_parse_error_eq
FNDA:1,_RNvNtNtCs1ufPfM0GhR0_9api_bones7version5testss_26parse_semver_bad_component
FNDA:1,_RNvNtNtCs1ufPfM0GhR0_9api_bones7version5testss_27display_date_pads_correctly
FNDA:1,_RNvNtNtCs1ufPfM0GhR0_9api_bones7version5testss_27parse_date_invalid_day_zero
FNDA:1,_RNvNtNtCs1ufPfM0GhR0_9api_bones7version5testss_27parse_semver_too_many_parts
FNDA:1,_RNvNtNtCs1ufPfM0GhR0_9api_bones7version5testss_28display_fmt_via_format_macro
FNDA:1,_RNvNtNtCs1ufPfM0GhR0_9api_bones7version5testss_28semver_triple_clone_and_copy
FNDA:1,_RNvNtNtCs1ufPfM0GhR0_9api_bones7version5testss_28serde_parse_error_round_trip
FNDA:1,_RNvNtNtCs1ufPfM0GhR0_9api_bones7version5testss_29inject_content_version_header
FNDA:1,_RNvNtNtCs1ufPfM0GhR0_9api_bones7version5testss_29parse_date_invalid_month_zero
FNDA:1,_RNvNtNtCs1ufPfM0GhR0_9api_bones7version5testss_30api_version_clone_all_variants
FNDA:1,_RNvNtNtCs1ufPfM0GhR0_9api_bones7version5testss_30serde_round_trip_semver_triple
FNDA:1,_RNvNtNtCs1ufPfM0GhR0_9api_bones7version5testss_31api_version_parse_error_display
FNDA:1,_RNvNtNtCs1ufPfM0GhR0_9api_bones7version5testss_34api_version_parse_error_in_hashset
FNDA:1,_RNvNtNtCs1ufPfM0GhR0_9api_bones7version5testss_34parse_date_invalid_day_non_numeric
FNDA:1,_RNvNtNtCs1ufPfM0GhR0_9api_bones7version5testss_35parse_date_invalid_year_non_numeric
FNDA:1,_RNvNtNtCs1ufPfM0GhR0_9api_bones7version5testss_36api_version_parse_error_clone_and_eq
FNDA:1,_RNvNtNtCs1ufPfM0GhR0_9api_bones7version5testss_36api_version_parse_error_is_std_error
FNDA:1,_RNvNtNtCs1ufPfM0GhR0_9api_bones7version5testss_36parse_date_invalid_month_non_numeric
FNDA:1,_RNvNtNtCs1ufPfM0GhR0_9api_bones7version5testss_39serde_api_version_non_string_is_invalid
FNDA:1,_RNvNtNtCs1ufPfM0GhR0_9api_bones7version5testss_47serde_api_version_invalid_string_produces_error
FNDA:6,_RINvXs4_NtCs1ufPfM0GhR0_9api_bones7versionNtB6_10ApiVersionNtNtCseAJKguVKcII_10serde_core2de11Deserialize11deserializeNtNtCsdC8qrlXHNsA_10serde_json5value5ValueEB8_
FNDA:1,_RNCNCNvXs6_NtCs1ufPfM0GhR0_9api_bones7versionNtB9_10ApiVersionINtNtCsgRxEIuGfDXj_9axum_core7extract16FromRequestPartsuE18from_request_parts00Bb_
FNDA:1,_RNCNCNvXs6_NtCs1ufPfM0GhR0_9api_bones7versionNtB9_10ApiVersionINtNtCsgRxEIuGfDXj_9axum_core7extract16FromRequestPartsuE18from_request_parts0s0_0Bb_
FNDA:1,_RNCNCNvXs6_NtCs1ufPfM0GhR0_9api_bones7versionNtB9_10ApiVersionINtNtCsgRxEIuGfDXj_9axum_core7extract16FromRequestPartsuE18from_request_parts0s_0Bb_
FNDA:1,_RNCNvXs2_NtCs1ufPfM0GhR0_9api_bones7versionNtB7_10ApiVersionNtNtNtCsbUtogaBoXXO_4core3str6traits7FromStr8from_str0B9_
FNDA:1,_RNCNvXs2_NtCs1ufPfM0GhR0_9api_bones7versionNtB7_10ApiVersionNtNtNtCsbUtogaBoXXO_4core3str6traits7FromStr8from_strs0_0B9_
FNDA:1,_RNCNvXs2_NtCs1ufPfM0GhR0_9api_bones7versionNtB7_10ApiVersionNtNtNtCsbUtogaBoXXO_4core3str6traits7FromStr8from_strs1_0B9_
FNDA:1,_RNCNvXs2_NtCs1ufPfM0GhR0_9api_bones7versionNtB7_10ApiVersionNtNtNtCsbUtogaBoXXO_4core3str6traits7FromStr8from_strs2_0B9_
FNDA:1,_RNCNvXs2_NtCs1ufPfM0GhR0_9api_bones7versionNtB7_10ApiVersionNtNtNtCsbUtogaBoXXO_4core3str6traits7FromStr8from_strs3_0B9_
FNDA:1,_RNCNvXs2_NtCs1ufPfM0GhR0_9api_bones7versionNtB7_10ApiVersionNtNtNtCsbUtogaBoXXO_4core3str6traits7FromStr8from_strs4_0B9_
FNDA:1,_RNCNvXs2_NtCs1ufPfM0GhR0_9api_bones7versionNtB7_10ApiVersionNtNtNtCsbUtogaBoXXO_4core3str6traits7FromStr8from_strs_0B9_
FNDA:9,_RNCNvXs6_NtCs1ufPfM0GhR0_9api_bones7versionNtB7_10ApiVersionINtNtCsgRxEIuGfDXj_9axum_core7extract16FromRequestPartsuE18from_request_parts0B9_
FNDA:9,_RNvXs6_NtCs1ufPfM0GhR0_9api_bones7versionNtB5_10ApiVersionINtNtCsgRxEIuGfDXj_9axum_core7extract16FromRequestPartsuE18from_request_partsB7_
FNDA:3,_RNvMs5_NtCs1ufPfM0GhR0_9api_bones7versionNtB5_10ApiVersion12header_value
FNDA:1,_RNvMs5_NtCs1ufPfM0GhR0_9api_bones7versionNtB5_10ApiVersion22inject_content_version
FNDA:7,_RNvXNtCs1ufPfM0GhR0_9api_bones7versionNtB2_12SemverTripleNtNtCsbUtogaBoXXO_4core3fmt7Display3fmt
FNDA:6,_RNvXs0_NtCs1ufPfM0GhR0_9api_bones7versionNtB5_20ApiVersionParseErrorNtNtCsbUtogaBoXXO_4core3fmt7Display3fmt
FNDA:38,_RNvXs2_NtCs1ufPfM0GhR0_9api_bones7versionNtB5_10ApiVersionNtNtNtCsbUtogaBoXXO_4core3str6traits7FromStr8from_str
FNDA:14,_RNvXs_NtCs1ufPfM0GhR0_9api_bones7versionNtB4_10ApiVersionNtNtCsbUtogaBoXXO_4core3fmt7Display3fmt
FNDA:0,_RINvXs4_NtCs6zS5XWhHsrg_9api_bones7versionNtB6_10ApiVersionNtNtCseAJKguVKcII_10serde_core2de11Deserialize11deserializepEB8_
FNDA:0,_RNCNCNvXININtCs6zS5XWhHsrg_9api_bones7versions6_0pENtB9_10ApiVersionINtNtCsgRxEIuGfDXj_9axum_core7extract16FromRequestPartspE18from_request_parts00Bb_
FNDA:0,_RNCNCNvXININtCs6zS5XWhHsrg_9api_bones7versions6_0pENtB9_10ApiVersionINtNtCsgRxEIuGfDXj_9axum_core7extract16FromRequestPartspE18from_request_parts0s0_0Bb_
FNDA:0,_RNCNCNvXININtCs6zS5XWhHsrg_9api_bones7versions6_0pENtB9_10ApiVersionINtNtCsgRxEIuGfDXj_9axum_core7extract16FromRequestPartspE18from_request_parts0s_0Bb_
FNDA:0,_RNCNvXININtCs6zS5XWhHsrg_9api_bones7versions6_0pENtB7_10ApiVersionINtNtCsgRxEIuGfDXj_9axum_core7extract16FromRequestPartspE18from_request_parts0B9_
FNDA:0,_RNvXININtCs6zS5XWhHsrg_9api_bones7versions6_0pENtB5_10ApiVersionINtNtCsgRxEIuGfDXj_9axum_core7extract16FromRequestPartspE18from_request_partsB7_
FNDA:0,_RNvMs5_NtCs6zS5XWhHsrg_9api_bones7versionNtB5_10ApiVersion12header_value
FNDA:0,_RNvMs5_NtCs6zS5XWhHsrg_9api_bones7versionNtB5_10ApiVersion22inject_content_version
FNDA:3,_RNvXNtCs6zS5XWhHsrg_9api_bones7versionNtB2_12SemverTripleNtNtCsbUtogaBoXXO_4core3fmt7Display3fmt
FNDA:3,_RNvXs0_NtCs6zS5XWhHsrg_9api_bones7versionNtB5_20ApiVersionParseErrorNtNtCsbUtogaBoXXO_4core3fmt7Display3fmt
FNDA:0,_RNvXs2_NtCs6zS5XWhHsrg_9api_bones7versionNtB5_10ApiVersionNtNtNtCsbUtogaBoXXO_4core3str6traits7FromStr8from_str
FNDA:3,_RNvXs_NtCs6zS5XWhHsrg_9api_bones7versionNtB4_10ApiVersionNtNtCsbUtogaBoXXO_4core3fmt7Display3fmt
FNDA:0,_RNCNvXs2_NtCs6zS5XWhHsrg_9api_bones7versionNtB7_10ApiVersionNtNtNtCsbUtogaBoXXO_4core3str6traits7FromStr8from_str0B9_
FNDA:0,_RNCNvXs2_NtCs6zS5XWhHsrg_9api_bones7versionNtB7_10ApiVersionNtNtNtCsbUtogaBoXXO_4core3str6traits7FromStr8from_strs0_0B9_
FNDA:0,_RNCNvXs2_NtCs6zS5XWhHsrg_9api_bones7versionNtB7_10ApiVersionNtNtNtCsbUtogaBoXXO_4core3str6traits7FromStr8from_strs1_0B9_
FNDA:0,_RNCNvXs2_NtCs6zS5XWhHsrg_9api_bones7versionNtB7_10ApiVersionNtNtNtCsbUtogaBoXXO_4core3str6traits7FromStr8from_strs2_0B9_
FNDA:0,_RNCNvXs2_NtCs6zS5XWhHsrg_9api_bones7versionNtB7_10ApiVersionNtNtNtCsbUtogaBoXXO_4core3str6traits7FromStr8from_strs3_0B9_
FNDA:0,_RNCNvXs2_NtCs6zS5XWhHsrg_9api_bones7versionNtB7_10ApiVersionNtNtNtCsbUtogaBoXXO_4core3str6traits7FromStr8from_strs4_0B9_
FNDA:0,_RNCNvXs2_NtCs6zS5XWhHsrg_9api_bones7versionNtB7_10ApiVersionNtNtNtCsbUtogaBoXXO_4core3str6traits7FromStr8from_strs_0B9_
FNDA:0,_RNvXs3_NtCs6zS5XWhHsrg_9api_bones7versionNtNtCsipk7xt2ATo7_5alloc6string6StringINtNtCsbUtogaBoXXO_4core7convert4FromNtB5_10ApiVersionE4from
FNDA:0,_RNCNCNvXs6_NtCs6zS5XWhHsrg_9api_bones7versionNtB9_10ApiVersionINtNtCsgRxEIuGfDXj_9axum_core7extract16FromRequestPartsuE18from_request_parts00Csi3Z6uToK8f7_20axum_core_extractors
FNDA:0,_RNCNCNvXs6_NtCs6zS5XWhHsrg_9api_bones7versionNtB9_10ApiVersionINtNtCsgRxEIuGfDXj_9axum_core7extract16FromRequestPartsuE18from_request_parts0s0_0Csi3Z6uToK8f7_20axum_core_extractors
FNDA:0,_RNCNCNvXs6_NtCs6zS5XWhHsrg_9api_bones7versionNtB9_10ApiVersionINtNtCsgRxEIuGfDXj_9axum_core7extract16FromRequestPartsuE18from_request_parts0s_0Csi3Z6uToK8f7_20axum_core_extractors
FNDA:0,_RNCNvXs6_NtCs6zS5XWhHsrg_9api_bones7versionNtB7_10ApiVersionINtNtCsgRxEIuGfDXj_9axum_core7extract16FromRequestPartsuE18from_request_parts0Csi3Z6uToK8f7_20axum_core_extractors
FNDA:0,_RNvXs6_NtCs6zS5XWhHsrg_9api_bones7versionNtB5_10ApiVersionINtNtCsgRxEIuGfDXj_9axum_core7extract16FromRequestPartsuE18from_request_partsCsi3Z6uToK8f7_20axum_core_extractors
FNF:68
FNH:68
DA:71,10
DA:72,10
DA:73,10
DA:77,17
DA:78,17
DA:79,9
DA:80,4
DA:81,4
DA:83,17
DA:99,9
DA:100,9
DA:101,9
DA:121,38
DA:123,38
DA:124,12
DA:125,11
DA:126,26
DA:129,26
DA:131,11
DA:132,10
DA:133,10
DA:134,10
DA:135,9
DA:136,9
DA:137,9
DA:138,8
DA:139,5
DA:140,3
DA:141,3
DA:142,15
DA:145,15
DA:146,15
DA:147,9
DA:148,9
DA:149,9
DA:150,8
DA:151,8
DA:152,8
DA:153,7
DA:154,7
DA:155,7
DA:156,6
DA:157,6
DA:159,6
DA:160,38
DA:170,3
DA:171,3
DA:172,3
DA:178,6
DA:179,6
DA:180,4
DA:181,6
DA:208,3
DA:209,3
DA:210,3
DA:219,1
DA:220,1
DA:221,1
DA:222,1
DA:226,1
DA:227,1
DA:228,1
DA:229,1
DA:231,1
DA:232,1
DA:247,9
DA:248,9
DA:249,9
DA:250,9
DA:252,9
DA:253,5
DA:254,1
DA:255,1
DA:256,4
DA:257,1
DA:258,1
DA:259,4
DA:261,4
DA:262,4
DA:263,4
DA:264,3
DA:265,1
DA:266,1
DA:267,1
DA:269,1
DA:270,1
DA:271,1
DA:272,1
DA:273,9
DA:285,1
DA:286,1
DA:287,1
DA:288,1
DA:289,1
DA:292,1
DA:293,1
DA:294,1
DA:295,1
DA:298,1
DA:299,1
DA:300,1
DA:301,1
DA:302,1
DA:305,1
DA:306,1
DA:307,1
DA:308,1
DA:309,1
DA:312,1
DA:313,1
DA:314,1
DA:315,1
DA:316,1
DA:319,1
DA:320,1
DA:321,1
DA:322,1
DA:323,1
DA:326,1
DA:327,1
DA:328,1
DA:329,1
DA:330,1
DA:331,1
DA:332,1
DA:335,1
DA:336,1
DA:337,1
DA:338,1
DA:339,1
DA:343,1
DA:344,1
DA:345,1
DA:346,1
DA:350,1
DA:351,1
DA:353,1
DA:354,1
DA:355,1
DA:356,1
DA:357,1
DA:361,1
DA:362,1
DA:364,1
DA:365,1
DA:366,1
DA:367,1
DA:368,1
DA:371,1
DA:372,1
DA:373,1
DA:374,1
DA:377,1
DA:378,1
DA:379,1
DA:380,1
DA:381,1
DA:382,1
DA:385,1
DA:387,1
DA:388,1
DA:389,1
DA:390,1
DA:391,1
DA:392,1
DA:396,1
DA:397,1
DA:398,1
DA:399,1
DA:403,1
DA:404,1
DA:405,1
DA:406,1
DA:409,1
DA:410,1
DA:411,1
DA:414,1
DA:415,1
DA:416,1
DA:419,1
DA:420,1
DA:421,1
DA:424,1
DA:425,1
DA:426,1
DA:429,1
DA:430,1
DA:431,1
DA:432,1
DA:436,1
DA:437,1
DA:439,1
DA:440,1
DA:441,1
DA:442,1
DA:443,1
DA:447,1
DA:448,1
DA:449,1
DA:450,1
DA:451,1
DA:452,1
DA:456,1
DA:458,1
DA:459,1
DA:460,1
DA:461,1
DA:464,1
DA:465,1
DA:466,1
DA:467,1
DA:468,1
DA:469,1
DA:470,1
DA:471,1
DA:472,1
DA:475,1
DA:476,1
DA:477,1
DA:478,1
DA:479,1
DA:482,1
DA:485,1
DA:486,1
DA:489,1
DA:491,1
DA:492,1
DA:495,1
DA:497,1
DA:498,1
DA:501,1
DA:503,1
DA:504,1
DA:507,1
DA:509,1
DA:510,1
DA:513,1
DA:516,1
DA:517,1
DA:520,1
DA:523,1
DA:524,1
DA:525,1
DA:526,1
DA:527,1
DA:528,1
DA:531,1
DA:534,1
DA:535,1
DA:536,1
DA:537,1
DA:540,1
DA:542,1
DA:543,1
DA:544,1
DA:545,1
DA:546,1
DA:547,1
DA:548,1
DA:551,1
DA:553,1
DA:554,1
DA:555,1
DA:556,1
DA:559,1
DA:561,1
DA:562,1
DA:563,1
DA:564,1
DA:565,1
DA:568,1
DA:570,1
DA:571,1
DA:572,1
DA:573,1
DA:574,1
DA:575,1
DA:578,1
DA:580,1
DA:581,1
DA:582,1
DA:583,1
DA:584,1
DA:585,1
DA:588,1
DA:590,1
DA:591,1
DA:592,1
DA:593,1
DA:594,1
DA:595,1
DA:598,1
DA:599,1
DA:600,1
DA:601,1
DA:602,1
DA:603,1
DA:604,1
DA:605,1
DA:608,1
DA:609,1
DA:610,1
DA:611,1
DA:612,1
DA:613,1
DA:617,1
DA:618,1
DA:619,1
DA:620,1
DA:621,1
DA:622,1
DA:626,1
DA:627,1
DA:628,1
DA:629,1
DA:630,1
DA:631,1
DA:635,1
DA:637,1
DA:638,1
DA:639,1
DA:640,1
DA:641,1
DA:642,1
DA:646,1
DA:648,1
DA:649,1
DA:650,1
DA:651,1
DA:652,1
DA:655,1
DA:658,1
DA:659,1
DA:660,1
DA:661,1
DA:662,1
DA:663,1
DA:664,1
DA:667,1
DA:669,1
DA:670,1
DA:671,1
DA:672,1
DA:673,1
DA:674,1
DA:675,1
DA:676,1
DA:677,1
DA:678,1
BRF:0
BRH:0
LF:361
LH:361
end_of_record